Arguments: 
  C:\Program Files\nodejs\node.exe C:\Program Files (x86)\Yarn\bin\yarn.js

PATH: 
  C:\Users\FG000098.FINGERGAME\AppData\Roaming\npm;C:\Windows;C:\Windows\System32\Wbem;C:\Windows\System32\WindowsPowerShell\v1.0\;C:\Windows\System32\OpenSSH\;C:\Program Files\Git\cmd;C:\Program Files\Docker\Docker\resources\bin;C:\ProgramData\DockerDesktop\version-bin;C:\Program Files\Solidigm\Solidigm(TM) Storage Tool\;C:\Users\FG000098.FINGERGAME;C:\Users\FG000098.FINGERGAME\AppData\Roaming\nvm;C:\Program Files\nodejs;C:\Program Files\dotnet\;‪D:\nodejs\node_global\vue.cmd;C:\Program Files (x86)\Yarn\bin\;C:\Users\FG000098.FINGERGAME\AppData\Local\Microsoft\WindowsApps;C:\Users\FG000098.FINGERGAME\AppData\Local\Programs\Microsoft VS Code\bin;C:\Users\FG000098.FINGERGAME\AppData\Roaming\npm;C:\Users\FG000098.FINGERGAME\AppData\Local\Yarn\bin;C:\Users\FG000098.FINGERGAME\AppData\Roaming\nvm;C:\Program Files\nodejs;C:\Program Files\heroku\bin

Yarn version: 
  1.22.19

Node version: 
  16.15.0

Platform: 
  win32 x64

Trace: 
  Error: EPERM: operation not permitted, unlink 'D:\FG000098\Desktop\yan\blog\blog\node_modules\vite\node_modules\esbuild-windows-64\esbuild.exe'

npm manifest: 
  {
    "name": "my-memo-vuepress",
    "version": "0.0.1",
    "description": "Yan 的隨筆小記",
    "main": "index.js",
    "authors": {
      "name": "yan",
      "email": ""
    },
    "repository": {
      "type": "git",
      "url": "git+https://github.com/lliao6060/blog.git"
    },
    "scripts": {
      "dev": "vuepress dev docs",
      "build": "vuepress build docs",
      "deploy": "gh-pages -d docs/.vuepress/dist"
    },
    "bugs": {
      "url": "https://github.com/lliao6060/blog/issues"
    },
    "homepage": "https://github.com/lliao6060/blog#readme",
    "license": "MIT",
    "devDependencies": {
      "@vuepress/plugin-back-to-top": "^2.0.0-beta.36",
      "@vuepress/plugin-medium-zoom": "^2.0.0-beta.36",
      "@vuepress/plugin-register-components": "^2.0.0-beta.36",
      "vuepress": "^2.0.0-beta.36"
    },
    "dependencies": {
      "gh-pages": "^3.1.0"
    }
  }

yarn manifest: 
  No manifest

Lockfile: 
  # THIS IS AN AUTOGENERATED FILE. DO NOT EDIT THIS FILE DIRECTLY.
  # yarn lockfile v1
  
  
  "@babel/parser@^7.16.4":
    "integrity" "sha512-BoHhDJrJXqcg+ZL16Xv39H9n+AqJ4pcDrQBGZN+wHxIysrLZ3/ECwCBUch/1zUNhnsXULcONU3Ei5Hmkfk6kiQ=="
    "resolved" "https://registry.npmjs.org/@babel/parser/-/parser-7.17.8.tgz"
    "version" "7.17.8"
  
  "@nodelib/fs.scandir@2.1.5":
    "integrity" "sha512-vq24Bq3ym5HEQm2NKCr3yXDwjc7vTsEThRDnkp2DK9p1uqLR+DHurm/NOTo0KG7HYHU7eppKZj3MyqYuMBf62g=="
    "resolved" "https://registry.npmjs.org/@nodelib/fs.scandir/-/fs.scandir-2.1.5.tgz"
    "version" "2.1.5"
    dependencies:
      "@nodelib/fs.stat" "2.0.5"
      "run-parallel" "^1.1.9"
  
  "@nodelib/fs.stat@^2.0.2", "@nodelib/fs.stat@2.0.5":
    "integrity" "sha512-RkhPPp2zrqDAQA/2jNhnztcPAlv64XdhIp7a7454A5ovI7Bukxgt7MX7udwAu3zg1DcpPU0rz3VV1SeaqvY4+A=="
    "resolved" "https://registry.npmjs.org/@nodelib/fs.stat/-/fs.stat-2.0.5.tgz"
    "version" "2.0.5"
  
  "@nodelib/fs.walk@^1.2.3":
    "integrity" "sha512-oGB+UxlgWcgQkgwo8GcEGwemoTFt3FIO9ababBmaGwXIoBKZ+GTy0pP185beGg7Llih/NSHSV2XAs1lnznocSg=="
    "resolved" "https://registry.npmjs.org/@nodelib/fs.walk/-/fs.walk-1.2.8.tgz"
    "version" "1.2.8"
    dependencies:
      "@nodelib/fs.scandir" "2.1.5"
      "fastq" "^1.6.0"
  
  "@types/debug@^4.1.7":
    "integrity" "sha512-9AonUzyTjXXhEOa0DnqpzZi6VHlqKMswga9EXjpXnnqxwLtdvPPtlO8evrI5D9S6asFRCQ6v+wpiUKbw+vKqyg=="
    "resolved" "https://registry.npmjs.org/@types/debug/-/debug-4.1.7.tgz"
    "version" "4.1.7"
    dependencies:
      "@types/ms" "*"
  
  "@types/fs-extra@^9.0.13":
    "integrity" "sha512-nEnwB++1u5lVDM2UI4c1+5R+FYaKfaAzS4OococimjVm3nQw3TuzH5UNsocrcTBbhnerblyHj4A49qXbIiZdpA=="
    "resolved" "https://registry.npmjs.org/@types/fs-extra/-/fs-extra-9.0.13.tgz"
    "version" "9.0.13"
    dependencies:
      "@types/node" "*"
  
  "@types/hash-sum@^1.0.0":
    "integrity" "sha512-FdLBT93h3kcZ586Aee66HPCVJ6qvxVjBlDWNmxSGSbCZe9hTsjRKdSsl4y1T+3zfujxo9auykQMnFsfyHWD7wg=="
    "resolved" "https://registry.npmjs.org/@types/hash-sum/-/hash-sum-1.0.0.tgz"
    "version" "1.0.0"
  
  "@types/linkify-it@*":
    "integrity" "sha512-HZQYqbiFVWufzCwexrvh694SOim8z2d+xJl5UNamcvQFejLY/2YUtzXHYi3cHdI7PMlS8ejH2slRAOJQ32aNbA=="
    "resolved" "https://registry.npmjs.org/@types/linkify-it/-/linkify-it-3.0.2.tgz"
    "version" "3.0.2"
  
  "@types/markdown-it@*", "@types/markdown-it@^12.2.3":
    "integrity" "sha512-GKMHFfv3458yYy+v/N8gjufHO6MSZKCOXpZc5GXIWWy8uldwfmPn98vp81gZ5f9SVw8YYBctgfJ22a2d7AOMeQ=="
    "resolved" "https://registry.npmjs.org/@types/markdown-it/-/markdown-it-12.2.3.tgz"
    "version" "12.2.3"
    dependencies:
      "@types/linkify-it" "*"
      "@types/mdurl" "*"
  
  "@types/mdurl@*":
    "integrity" "sha512-eC4U9MlIcu2q0KQmXszyn5Akca/0jrQmwDRgpAMJai7qBWq4amIQhZyNau4VYGtCeALvW1/NtjzJJ567aZxfKA=="
    "resolved" "https://registry.npmjs.org/@types/mdurl/-/mdurl-1.0.2.tgz"
    "version" "1.0.2"
  
  "@types/ms@*":
    "integrity" "sha512-iiUgKzV9AuaEkZqkOLDIvlQiL6ltuZd9tGcW3gwpnX8JbuiuhFlEGmmFXEXkN50Cvq7Os88IY2v0dkDqXYWVgA=="
    "resolved" "https://registry.npmjs.org/@types/ms/-/ms-0.7.31.tgz"
    "version" "0.7.31"
  
  "@types/node@*":
    "integrity" "sha512-Lt+wj8NVPx0zUmUwumiVXapmaLUcAk3yPuHCFVXras9k5VT9TdhJqKqGVUQCD60OTMCl0qxJ57OiTL0Mic3Iag=="
    "resolved" "https://registry.npmjs.org/@types/node/-/node-14.14.35.tgz"
    "version" "14.14.35"
  
  "@vitejs/plugin-vue@^2.1.0":
    "integrity" "sha512-ev9AOlp0ljCaDkFZF3JwC/pD2N4Hh+r5srl5JHM6BKg5+99jiiK0rE/XaRs3pVm1wzyKkjUy/StBSoXX5fFzcw=="
    "resolved" "https://registry.npmjs.org/@vitejs/plugin-vue/-/plugin-vue-2.2.4.tgz"
    "version" "2.2.4"
  
  "@vue/compiler-core@3.2.31":
    "integrity" "sha512-aKno00qoA4o+V/kR6i/pE+aP+esng5siNAVQ422TkBNM6qA4veXiZbSe8OTXHXquEi/f6Akc+nLfB4JGfe4/WQ=="
    "resolved" "https://registry.npmjs.org/@vue/compiler-core/-/compiler-core-3.2.31.tgz"
    "version" "3.2.31"
    dependencies:
      "@babel/parser" "^7.16.4"
      "@vue/shared" "3.2.31"
      "estree-walker" "^2.0.2"
      "source-map" "^0.6.1"
  
  "@vue/compiler-dom@3.2.31":
    "integrity" "sha512-60zIlFfzIDf3u91cqfqy9KhCKIJgPeqxgveH2L+87RcGU/alT6BRrk5JtUso0OibH3O7NXuNOQ0cDc9beT0wrg=="
    "resolved" "https://registry.npmjs.org/@vue/compiler-dom/-/compiler-dom-3.2.31.tgz"
    "version" "3.2.31"
    dependencies:
      "@vue/compiler-core" "3.2.31"
      "@vue/shared" "3.2.31"
  
  "@vue/compiler-sfc@^3.2.28", "@vue/compiler-sfc@3.2.31":
    "integrity" "sha512-748adc9msSPGzXgibHiO6T7RWgfnDcVQD+VVwYgSsyyY8Ans64tALHZANrKtOzvkwznV/F4H7OAod/jIlp/dkQ=="
    "resolved" "https://registry.npmjs.org/@vue/compiler-sfc/-/compiler-sfc-3.2.31.tgz"
    "version" "3.2.31"
    dependencies:
      "@babel/parser" "^7.16.4"
      "@vue/compiler-core" "3.2.31"
      "@vue/compiler-dom" "3.2.31"
      "@vue/compiler-ssr" "3.2.31"
      "@vue/reactivity-transform" "3.2.31"
      "@vue/shared" "3.2.31"
      "estree-walker" "^2.0.2"
      "magic-string" "^0.25.7"
      "postcss" "^8.1.10"
      "source-map" "^0.6.1"
  
  "@vue/compiler-ssr@3.2.31":
    "integrity" "sha512-mjN0rqig+A8TVDnsGPYJM5dpbjlXeHUm2oZHZwGyMYiGT/F4fhJf/cXy8QpjnLQK4Y9Et4GWzHn9PS8AHUnSkw=="
    "resolved" "https://registry.npmjs.org/@vue/compiler-ssr/-/compiler-ssr-3.2.31.tgz"
    "version" "3.2.31"
    dependencies:
      "@vue/compiler-dom" "3.2.31"
      "@vue/shared" "3.2.31"
  
  "@vue/devtools-api@^6.0.0", "@vue/devtools-api@^6.0.0-beta.21.1":
    "integrity" "sha512-79InfO2xHv+WHIrH1bHXQUiQD/wMls9qBk6WVwGCbdwP7/3zINtvqPNMtmSHXsIKjvUAHc8L0ouOj6ZQQRmcXg=="
    "resolved" "https://registry.npmjs.org/@vue/devtools-api/-/devtools-api-6.1.3.tgz"
    "version" "6.1.3"
  
  "@vue/reactivity-transform@3.2.31":
    "integrity" "sha512-uS4l4z/W7wXdI+Va5pgVxBJ345wyGFKvpPYtdSgvfJfX/x2Ymm6ophQlXXB6acqGHtXuBqNyyO3zVp9b1r0MOA=="
    "resolved" "https://registry.npmjs.org/@vue/reactivity-transform/-/reactivity-transform-3.2.31.tgz"
    "version" "3.2.31"
    dependencies:
      "@babel/parser" "^7.16.4"
      "@vue/compiler-core" "3.2.31"
      "@vue/shared" "3.2.31"
      "estree-walker" "^2.0.2"
      "magic-string" "^0.25.7"
  
  "@vue/reactivity@3.2.31":
    "integrity" "sha512-HVr0l211gbhpEKYr2hYe7hRsV91uIVGFYNHj73njbARVGHQvIojkImKMaZNDdoDZOIkMsBc9a1sMqR+WZwfSCw=="
    "resolved" "https://registry.npmjs.org/@vue/reactivity/-/reactivity-3.2.31.tgz"
    "version" "3.2.31"
    dependencies:
      "@vue/shared" "3.2.31"
  
  "@vue/runtime-core@3.2.31":
    "integrity" "sha512-Kcog5XmSY7VHFEMuk4+Gap8gUssYMZ2+w+cmGI6OpZWYOEIcbE0TPzzPHi+8XTzAgx1w/ZxDFcXhZeXN5eKWsA=="
    "resolved" "https://registry.npmjs.org/@vue/runtime-core/-/runtime-core-3.2.31.tgz"
    "version" "3.2.31"
    dependencies:
      "@vue/reactivity" "3.2.31"
      "@vue/shared" "3.2.31"
  
  "@vue/runtime-dom@3.2.31":
    "integrity" "sha512-N+o0sICVLScUjfLG7u9u5XCjvmsexAiPt17GNnaWHJUfsKed5e85/A3SWgKxzlxx2SW/Hw7RQxzxbXez9PtY3g=="
    "resolved" "https://registry.npmjs.org/@vue/runtime-dom/-/runtime-dom-3.2.31.tgz"
    "version" "3.2.31"
    dependencies:
      "@vue/runtime-core" "3.2.31"
      "@vue/shared" "3.2.31"
      "csstype" "^2.6.8"
  
  "@vue/server-renderer@^3.2.28", "@vue/server-renderer@3.2.31":
    "integrity" "sha512-8CN3Zj2HyR2LQQBHZ61HexF5NReqngLT3oahyiVRfSSvak+oAvVmu8iNLSu6XR77Ili2AOpnAt1y8ywjjqtmkg=="
    "resolved" "https://registry.npmjs.org/@vue/server-renderer/-/server-renderer-3.2.31.tgz"
    "version" "3.2.31"
    dependencies:
      "@vue/compiler-ssr" "3.2.31"
      "@vue/shared" "3.2.31"
  
  "@vue/shared@^3.2.28", "@vue/shared@3.2.31":
    "integrity" "sha512-ymN2pj6zEjiKJZbrf98UM2pfDd6F2H7ksKw7NDt/ZZ1fh5Ei39X5tABugtT03ZRlWd9imccoK0hE8hpjpU7irQ=="
    "resolved" "https://registry.npmjs.org/@vue/shared/-/shared-3.2.31.tgz"
    "version" "3.2.31"
  
  "@vuepress/bundler-vite@2.0.0-beta.36":
    "integrity" "sha512-wIWbBhLtGotQ1zJGkCHFllKmmpqG2FhcIhoUPY8/VESOmKyUrE6Mbbsk5g8Un0kFbhiF3eFYP1eUxbZttbbpkA=="
    "resolved" "https://registry.npmjs.org/@vuepress/bundler-vite/-/bundler-vite-2.0.0-beta.36.tgz"
    "version" "2.0.0-beta.36"
    dependencies:
      "@vitejs/plugin-vue" "^2.1.0"
      "@vue/compiler-sfc" "^3.2.28"
      "@vue/server-renderer" "^3.2.28"
      "@vuepress/client" "2.0.0-beta.35"
      "@vuepress/core" "2.0.0-beta.36"
      "@vuepress/shared" "2.0.0-beta.35"
      "@vuepress/utils" "2.0.0-beta.35"
      "autoprefixer" "^10.4.2"
      "connect-history-api-fallback" "^1.6.0"
      "postcss" "^8.4.5"
      "postcss-csso" "^6.0.0"
      "rollup" "^2.66.0"
      "vite" "^2.7.13"
      "vue" "^3.2.28"
      "vue-router" "^4.0.12"
  
  "@vuepress/cli@2.0.0-beta.36":
    "integrity" "sha512-tGhC4OgdgOOoXGw79HFAJz5y9t9YRNdSsgkMRJvCAv9f257X+M/Ex/Qh3hfcnge+OBuMj63JLDB0FDRQWeJFUA=="
    "resolved" "https://registry.npmjs.org/@vuepress/cli/-/cli-2.0.0-beta.36.tgz"
    "version" "2.0.0-beta.36"
    dependencies:
      "@vuepress/core" "2.0.0-beta.36"
      "@vuepress/utils" "2.0.0-beta.35"
      "cac" "^6.7.12"
      "chokidar" "^3.5.3"
      "envinfo" "^7.8.1"
      "esbuild" "^0.13.12"
  
  "@vuepress/client@2.0.0-beta.35":
    "integrity" "sha512-oQj+fDvfDDJ+fPpcVVRJLeVX1QmnLCcpLBxPBVhqMD0WAFkj+sCBaeq0sQc5CwDaNysDcN71ACeuEpLDOEtCgQ=="
    "resolved" "https://registry.npmjs.org/@vuepress/client/-/client-2.0.0-beta.35.tgz"
    "version" "2.0.0-beta.35"
    dependencies:
      "@vue/devtools-api" "^6.0.0-beta.21.1"
      "@vuepress/shared" "2.0.0-beta.35"
      "vue" "^3.2.28"
      "vue-router" "^4.0.12"
  
  "@vuepress/core@2.0.0-beta.36":
    "integrity" "sha512-RBj2Tkgt2f7NMCfox1iKgd6V87X5qj8G/cpJm7R65IielaXkNGGKjgidOrLKRCA3X0c/COwmaBrdiFxJtOtIRw=="
    "resolved" "https://registry.npmjs.org/@vuepress/core/-/core-2.0.0-beta.36.tgz"
    "version" "2.0.0-beta.36"
    dependencies:
      "@vuepress/client" "2.0.0-beta.35"
      "@vuepress/markdown" "2.0.0-beta.36"
      "@vuepress/shared" "2.0.0-beta.35"
      "@vuepress/utils" "2.0.0-beta.35"
      "gray-matter" "^4.0.3"
      "toml" "^3.0.0"
  
  "@vuepress/markdown@2.0.0-beta.36":
    "integrity" "sha512-Amvo7YuSbMZIfj24kwXDen81RsjliXTDvhv+R14aH4NbH9rpwKzTTtbmjWH6O/upqikDYIXhlozHjr1nEf1qHw=="
    "resolved" "https://registry.npmjs.org/@vuepress/markdown/-/markdown-2.0.0-beta.36.tgz"
    "version" "2.0.0-beta.36"
    dependencies:
      "@types/markdown-it" "^12.2.3"
      "@vuepress/shared" "2.0.0-beta.35"
      "@vuepress/utils" "2.0.0-beta.35"
      "markdown-it" "^12.3.2"
      "markdown-it-anchor" "^8.4.1"
      "markdown-it-emoji" "^2.0.0"
      "mdurl" "^1.0.1"
  
  "@vuepress/plugin-active-header-links@2.0.0-beta.36":
    "integrity" "sha512-jeH1sieF1M/2M33JoUXe5RuRcdlGvUqMIq2wGdnwfXZn7YzcZtM8bmmhgpZw5yTuW6mT59b5SwEINptkZDKtUw=="
    "resolved" "https://registry.npmjs.org/@vuepress/plugin-active-header-links/-/plugin-active-header-links-2.0.0-beta.36.tgz"
    "version" "2.0.0-beta.36"
    dependencies:
      "@vuepress/client" "2.0.0-beta.35"
      "@vuepress/core" "2.0.0-beta.36"
      "@vuepress/utils" "2.0.0-beta.35"
      "ts-debounce" "^4.0.0"
      "vue" "^3.2.28"
      "vue-router" "^4.0.12"
  
  "@vuepress/plugin-back-to-top@^2.0.0-beta.36", "@vuepress/plugin-back-to-top@2.0.0-beta.36":
    "integrity" "sha512-BwWa/EeKvboG22m4HmnCEfs/RcPtQ5pL5uVss8+POLgDSICKDGhuHrQiH/DtgqbceXZCryNlJhLkNXQ6TxcR+A=="
    "resolved" "https://registry.npmjs.org/@vuepress/plugin-back-to-top/-/plugin-back-to-top-2.0.0-beta.36.tgz"
    "version" "2.0.0-beta.36"
    dependencies:
      "@vuepress/core" "2.0.0-beta.36"
      "@vuepress/utils" "2.0.0-beta.35"
      "ts-debounce" "^4.0.0"
      "vue" "^3.2.28"
  
  "@vuepress/plugin-container@2.0.0-beta.36":
    "integrity" "sha512-65DjPd2RHnbk8wvyPimalC7K+dHbb41fWH8bPdJL6EhFPBCdplXmDHjR8sLU/15HGrF8ms8PRJ0nKRv5WUEsrw=="
    "resolved" "https://registry.npmjs.org/@vuepress/plugin-container/-/plugin-container-2.0.0-beta.36.tgz"
    "version" "2.0.0-beta.36"
    dependencies:
      "@types/markdown-it" "^12.2.3"
      "@vuepress/core" "2.0.0-beta.36"
      "@vuepress/markdown" "2.0.0-beta.36"
      "@vuepress/shared" "2.0.0-beta.35"
      "@vuepress/utils" "2.0.0-beta.35"
      "markdown-it" "^12.3.2"
      "markdown-it-container" "^3.0.0"
  
  "@vuepress/plugin-external-link-icon@2.0.0-beta.36":
    "integrity" "sha512-t8UHhvxT7Zwwv+bV+jKZ1fnTKxk6FHOQ9ydGnGWje7YTL097FppSrWFdMRFVTWBfqRKkrSOx5gB2LIz2pELWvA=="
    "resolved" "https://registry.npmjs.org/@vuepress/plugin-external-link-icon/-/plugin-external-link-icon-2.0.0-beta.36.tgz"
    "version" "2.0.0-beta.36"
    dependencies:
      "@vuepress/client" "2.0.0-beta.35"
      "@vuepress/core" "2.0.0-beta.36"
      "@vuepress/markdown" "2.0.0-beta.36"
      "@vuepress/utils" "2.0.0-beta.35"
      "vue" "^3.2.28"
  
  "@vuepress/plugin-git@2.0.0-beta.36":
    "integrity" "sha512-Q2fIaExIZTZHWcJzelRMSf41yvfLUto2vFB9sMmpgRZ+vqFpPwruyR7XGmBxHMiSIjBFPbjAPadgB3hpoDKyiQ=="
    "resolved" "https://registry.npmjs.org/@vuepress/plugin-git/-/plugin-git-2.0.0-beta.36.tgz"
    "version" "2.0.0-beta.36"
    dependencies:
      "@vuepress/core" "2.0.0-beta.36"
      "execa" "^5.1.1"
  
  "@vuepress/plugin-medium-zoom@^2.0.0-beta.36", "@vuepress/plugin-medium-zoom@2.0.0-beta.36":
    "integrity" "sha512-5qarMKNvypwYgo/ojOGSAKqug9mlmkzzaHGqX9w2rObYB0kCyV1CuqFOqd0Eg/3vif3B0fDOVgEIomjvgc8rQw=="
    "resolved" "https://registry.npmjs.org/@vuepress/plugin-medium-zoom/-/plugin-medium-zoom-2.0.0-beta.36.tgz"
    "version" "2.0.0-beta.36"
    dependencies:
      "@vuepress/client" "2.0.0-beta.35"
      "@vuepress/core" "2.0.0-beta.36"
      "@vuepress/utils" "2.0.0-beta.35"
      "medium-zoom" "^1.0.6"
      "vue" "^3.2.28"
  
  "@vuepress/plugin-nprogress@2.0.0-beta.36":
    "integrity" "sha512-PFDFdvWQvvkGCiYi2jiCiRggP984yAYyZtSuK9eX3A9itYi0Qp+ck10tc+7cGQc1B97zg3FHVyA0BJcXUJwiJQ=="
    "resolved" "https://registry.npmjs.org/@vuepress/plugin-nprogress/-/plugin-nprogress-2.0.0-beta.36.tgz"
    "version" "2.0.0-beta.36"
    dependencies:
      "@vuepress/client" "2.0.0-beta.35"
      "@vuepress/core" "2.0.0-beta.36"
      "@vuepress/utils" "2.0.0-beta.35"
      "nprogress" "^0.2.0"
      "vue" "^3.2.28"
      "vue-router" "^4.0.12"
  
  "@vuepress/plugin-palette@2.0.0-beta.36":
    "integrity" "sha512-37D1uwX1j91niSu6f//26azS18FSD3g93NJs8LM3HAim4XtzCRaFSnI90MNG2++4Aelx2SSx86M4OjVdb1oCKw=="
    "resolved" "https://registry.npmjs.org/@vuepress/plugin-palette/-/plugin-palette-2.0.0-beta.36.tgz"
    "version" "2.0.0-beta.36"
    dependencies:
      "@vuepress/core" "2.0.0-beta.36"
      "@vuepress/utils" "2.0.0-beta.35"
      "chokidar" "^3.5.3"
  
  "@vuepress/plugin-prismjs@2.0.0-beta.36":
    "integrity" "sha512-xQ+Qa8ODt3K5blEZa2THTmXFO5/RrBjAgkk0u1JmPdVB8FoQAjdSaxZIs9vTBwCMCIexd6c3cC+MaPT2OVrgdA=="
    "resolved" "https://registry.npmjs.org/@vuepress/plugin-prismjs/-/plugin-prismjs-2.0.0-beta.36.tgz"
    "version" "2.0.0-beta.36"
    dependencies:
      "@vuepress/core" "2.0.0-beta.36"
      "prismjs" "^1.26.0"
  
  "@vuepress/plugin-register-components@^2.0.0-beta.36":
    "integrity" "sha512-ciIDC8t4r9n1wbVVwvfcOY/iZ2s8tka3XThs1zrfja2l7TI9BX6+wCT9N/TO+1pOjYhn6938FmTrv4kK69eRFA=="
    "resolved" "https://registry.npmjs.org/@vuepress/plugin-register-components/-/plugin-register-components-2.0.0-beta.36.tgz"
    "version" "2.0.0-beta.36"
    dependencies:
      "@vuepress/core" "2.0.0-beta.36"
      "@vuepress/utils" "2.0.0-beta.35"
      "chokidar" "^3.5.3"
  
  "@vuepress/plugin-theme-data@2.0.0-beta.36":
    "integrity" "sha512-1Fxj7F0rIARYa/gQmsUql3f7wPF3ML4Fs6kcPHXYll7ZNDLR1OBw9HIGJ7lW4qx37f6YfYs2RjefAuwkVFUn/A=="
    "resolved" "https://registry.npmjs.org/@vuepress/plugin-theme-data/-/plugin-theme-data-2.0.0-beta.36.tgz"
    "version" "2.0.0-beta.36"
    dependencies:
      "@vue/devtools-api" "^6.0.0-beta.21.1"
      "@vuepress/client" "2.0.0-beta.35"
      "@vuepress/core" "2.0.0-beta.36"
      "@vuepress/shared" "2.0.0-beta.35"
      "@vuepress/utils" "2.0.0-beta.35"
      "vue" "^3.2.28"
  
  "@vuepress/shared@2.0.0-beta.35":
    "integrity" "sha512-sU+ekNDv22YG16B1XmZyMD+A94QbAUgTp5FTs+X2POU9UQCIZCuFhgTM9TfAnSgD/6lnbp2Aljwg5fJAidPQmw=="
    "resolved" "https://registry.npmjs.org/@vuepress/shared/-/shared-2.0.0-beta.35.tgz"
    "version" "2.0.0-beta.35"
    dependencies:
      "@vue/shared" "^3.2.28"
  
  "@vuepress/theme-default@2.0.0-beta.36":
    "integrity" "sha512-3QqRL96MzKDamHo5bw9ldO2DHTxE+nwEHv1u2PsZusyMRoxyP1h2wPFHPhGaR+fhxFC9Ou9dOq4Ay2xiIU1piA=="
    "resolved" "https://registry.npmjs.org/@vuepress/theme-default/-/theme-default-2.0.0-beta.36.tgz"
    "version" "2.0.0-beta.36"
    dependencies:
      "@vuepress/client" "2.0.0-beta.35"
      "@vuepress/core" "2.0.0-beta.36"
      "@vuepress/plugin-active-header-links" "2.0.0-beta.36"
      "@vuepress/plugin-back-to-top" "2.0.0-beta.36"
      "@vuepress/plugin-container" "2.0.0-beta.36"
      "@vuepress/plugin-external-link-icon" "2.0.0-beta.36"
      "@vuepress/plugin-git" "2.0.0-beta.36"
      "@vuepress/plugin-medium-zoom" "2.0.0-beta.36"
      "@vuepress/plugin-nprogress" "2.0.0-beta.36"
      "@vuepress/plugin-palette" "2.0.0-beta.36"
      "@vuepress/plugin-prismjs" "2.0.0-beta.36"
      "@vuepress/plugin-theme-data" "2.0.0-beta.36"
      "@vuepress/shared" "2.0.0-beta.35"
      "@vuepress/utils" "2.0.0-beta.35"
      "@vueuse/core" "^7.5.4"
      "sass" "^1.49.0"
      "sass-loader" "^12.4.0"
      "vue" "^3.2.28"
      "vue-router" "^4.0.12"
  
  "@vuepress/utils@2.0.0-beta.35":
    "integrity" "sha512-359RVp8T5w+OB/rKy3DYBFqrH98IDWxiB2pf1Z9vgUA54p5xWBbvmh5GwIAfz1PDjpC5BOIk1b1/03VgcJSZFg=="
    "resolved" "https://registry.npmjs.org/@vuepress/utils/-/utils-2.0.0-beta.35.tgz"
    "version" "2.0.0-beta.35"
    dependencies:
      "@types/debug" "^4.1.7"
      "@types/fs-extra" "^9.0.13"
      "@types/hash-sum" "^1.0.0"
      "@vuepress/shared" "2.0.0-beta.35"
      "chalk" "^4.1.2"
      "debug" "^4.3.3"
      "fs-extra" "^10.0.0"
      "globby" "^11.0.4"
      "hash-sum" "^2.0.0"
      "ora" "^5.4.1"
      "upath" "^2.0.1"
  
  "@vueuse/core@^7.5.4":
    "integrity" "sha512-PRRgbATMpoeUmkCEBtUeJgOwtew8s+4UsEd+Pm7MhkjL2ihCNrSqxNVtM6NFE4uP2sWnkGcZpCjPuNSxowJ1Ow=="
    "resolved" "https://registry.npmjs.org/@vueuse/core/-/core-7.7.1.tgz"
    "version" "7.7.1"
    dependencies:
      "@vueuse/shared" "7.7.1"
      "vue-demi" "*"
  
  "@vueuse/shared@7.7.1":
    "integrity" "sha512-rN2qd22AUl7VdBxihagWyhUNHCyVk9IpvBTTfHoLH9G7rGE552X1f+zeCfehuno0zXif13jPw+icW/wn2a0rnQ=="
    "resolved" "https://registry.npmjs.org/@vueuse/shared/-/shared-7.7.1.tgz"
    "version" "7.7.1"
    dependencies:
      "vue-demi" "*"
  
  "ansi-regex@^5.0.0":
    "integrity" "sha512-bY6fj56OUQ0hU1KjFNDQuJFezqKdrAyFdIevADiqrWHwSlbmBNMHp5ak2f40Pm8JTFyM2mqxkG6ngkHO11f/lg=="
    "resolved" "https://registry.npmjs.org/ansi-regex/-/ansi-regex-5.0.0.tgz"
    "version" "5.0.0"
  
  "ansi-styles@^4.1.0":
    "integrity" "sha512-zbB9rCJAT1rbjiVDb2hqKFHNYLxgtk8NURxZ3IZwD3F6NtxbXZQCnnSi1Lkx+IDohdPlFp222wVALIheZJQSEg=="
    "resolved" "https://registry.npmjs.org/ansi-styles/-/ansi-styles-4.3.0.tgz"
    "version" "4.3.0"
    dependencies:
      "color-convert" "^2.0.1"
  
  "anymatch@~3.1.2":
    "integrity" "sha512-P43ePfOAIupkguHUycrc4qJ9kz8ZiuOUijaETwX7THt0Y/GNK7v0aa8rY816xWjZ7rJdA5XdMcpVFTKMq+RvWg=="
    "resolved" "https://registry.npmjs.org/anymatch/-/anymatch-3.1.2.tgz"
    "version" "3.1.2"
    dependencies:
      "normalize-path" "^3.0.0"
      "picomatch" "^2.0.4"
  
  "argparse@^1.0.7":
    "integrity" "sha512-o5Roy6tNG4SL/FOkCAN6RzjiakZS25RLYFrcMttJqbdd8BWrnA+fGz57iN5Pb06pvBGvl5gQ0B48dJlslXvoTg=="
    "resolved" "https://registry.npmjs.org/argparse/-/argparse-1.0.10.tgz"
    "version" "1.0.10"
    dependencies:
      "sprintf-js" "~1.0.2"
  
  "argparse@^2.0.1":
    "integrity" "sha512-8+9WqebbFzpX9OR+Wa6O29asIogeRMzcGtAINdpMHHyAg10f05aSFVBbcEqGf/PXw1EjAZ+q2/bEBg3DvurK3Q=="
    "resolved" "https://registry.npmjs.org/argparse/-/argparse-2.0.1.tgz"
    "version" "2.0.1"
  
  "array-union@^1.0.1":
    "integrity" "sha1-mjRBDk9OPaI96jdb5b5w8kd47Dk="
    "resolved" "https://registry.npmjs.org/array-union/-/array-union-1.0.2.tgz"
    "version" "1.0.2"
    dependencies:
      "array-uniq" "^1.0.1"
  
  "array-union@^2.1.0":
    "integrity" "sha512-HGyxoOTYUyCM6stUe6EJgnd4EoewAI7zMdfqO+kGjnlZmBDz/cR5pf8r/cR4Wq60sL/p0IkcjUEEPwS3GFrIyw=="
    "resolved" "https://registry.npmjs.org/array-union/-/array-union-2.1.0.tgz"
    "version" "2.1.0"
  
  "array-uniq@^1.0.1":
    "integrity" "sha1-r2rId6Jcx/dOBYiUdThY39sk/bY="
    "resolved" "https://registry.npmjs.org/array-uniq/-/array-uniq-1.0.3.tgz"
    "version" "1.0.3"
  
  "async@^2.6.1":
    "integrity" "sha512-zflvls11DCy+dQWzTW2dzuilv8Z5X/pjfmZOWba6TNIVDm+2UDaJmXSOXlasHKfNBs8oo3M0aT50fDEWfKZjXg=="
    "resolved" "https://registry.npmjs.org/async/-/async-2.6.3.tgz"
    "version" "2.6.3"
    dependencies:
      "lodash" "^4.17.14"
  
  "autoprefixer@^10.4.2":
    "integrity" "sha512-Tm8JxsB286VweiZ5F0anmbyGiNI3v3wGv3mz9W+cxEDYB/6jbnj6GM9H9mK3wIL8ftgl+C07Lcwb8PG5PCCPzA=="
    "resolved" "https://registry.npmjs.org/autoprefixer/-/autoprefixer-10.4.4.tgz"
    "version" "10.4.4"
    dependencies:
      "browserslist" "^4.20.2"
      "caniuse-lite" "^1.0.30001317"
      "fraction.js" "^4.2.0"
      "normalize-range" "^0.1.2"
      "picocolors" "^1.0.0"
      "postcss-value-parser" "^4.2.0"
  
  "balanced-match@^1.0.0":
    "integrity" "sha1-ibTRmasr7kneFk6gK4nORi1xt2c="
    "resolved" "https://registry.npmjs.org/balanced-match/-/balanced-match-1.0.0.tgz"
    "version" "1.0.0"
  
  "base64-js@^1.3.1":
    "integrity" "sha512-AKpaYlHn8t4SVbOHCy+b5+KKgvR4vrsD8vbvrbiQJps7fKDTkjkDry6ji0rUJjC0kzbNePLwzxq8iypo41qeWA=="
    "resolved" "https://registry.npmjs.org/base64-js/-/base64-js-1.5.1.tgz"
    "version" "1.5.1"
  
  "binary-extensions@^2.0.0":
    "integrity" "sha512-jDctJ/IVQbZoJykoeHbhXpOlNBqGNcwXJKJog42E5HDPUwQTSdjCHdihjj0DlnheQ7blbT6dHOafNAiS8ooQKA=="
    "resolved" "https://registry.npmjs.org/binary-extensions/-/binary-extensions-2.2.0.tgz"
    "version" "2.2.0"
  
  "bl@^4.1.0":
    "integrity" "sha512-1W07cM9gS6DcLperZfFSj+bWLtaPGSOHWhPiGzXmvVJbRLdG82sH/Kn8EtW1VqWVA54AKf2h5k5BbnIbwF3h6w=="
    "resolved" "https://registry.npmjs.org/bl/-/bl-4.1.0.tgz"
    "version" "4.1.0"
    dependencies:
      "buffer" "^5.5.0"
      "inherits" "^2.0.4"
      "readable-stream" "^3.4.0"
  
  "brace-expansion@^1.1.7":
    "integrity" "sha512-iCuPHDFgrHX7H2vEI/5xpz07zSHB00TpugqhmYtVmMO6518mCuRMoOYFldEBl0g187ufozdaHgWKcYFb61qGiA=="
    "resolved" "https://registry.npmjs.org/brace-expansion/-/brace-expansion-1.1.11.tgz"
    "version" "1.1.11"
    dependencies:
      "balanced-match" "^1.0.0"
      "concat-map" "0.0.1"
  
  "braces@^3.0.2", "braces@~3.0.2":
    "integrity" "sha512-b8um+L1RzM3WDSzvhm6gIz1yfTbBt6YTlcEKAvsmqCZZFw46z626lVj9j1yEPW33H5H+lBQpZMP1k8l+78Ha0A=="
    "resolved" "https://registry.npmjs.org/braces/-/braces-3.0.2.tgz"
    "version" "3.0.2"
    dependencies:
      "fill-range" "^7.0.1"
  
  "browserslist@^4.20.2":
    "integrity" "sha512-CQOBCqp/9pDvDbx3xfMi+86pr4KXIf2FDkTTdeuYw8OxS9t898LA1Khq57gtufFILXpfgsSx5woNgsBgvGjpsA=="
    "resolved" "https://registry.npmjs.org/browserslist/-/browserslist-4.20.2.tgz"
    "version" "4.20.2"
    dependencies:
      "caniuse-lite" "^1.0.30001317"
      "electron-to-chromium" "^1.4.84"
      "escalade" "^3.1.1"
      "node-releases" "^2.0.2"
      "picocolors" "^1.0.0"
  
  "buffer@^5.5.0":
    "integrity" "sha512-EHcyIPBQ4BSGlvjB16k5KgAJ27CIsHY/2JBmCRReo48y9rQ3MaUzWX3KVlBa4U7MyX02HdVj0K7C3WaB3ju7FQ=="
    "resolved" "https://registry.npmjs.org/buffer/-/buffer-5.7.1.tgz"
    "version" "5.7.1"
    dependencies:
      "base64-js" "^1.3.1"
      "ieee754" "^1.1.13"
  
  "cac@^6.7.12":
    "integrity" "sha512-rM7E2ygtMkJqD9c7WnFU6fruFcN3xe4FM5yUmgxhZzIKJk4uHl9U/fhwdajGFQbQuv43FAUo1Fe8gX/oIKDeSA=="
    "resolved" "https://registry.npmjs.org/cac/-/cac-6.7.12.tgz"
    "version" "6.7.12"
  
  "caniuse-lite@^1.0.30001317":
    "integrity" "sha512-MWPzG54AGdo3nWx7zHZTefseM5Y1ccM7hlQKHRqJkPozUaw3hNbBTMmLn16GG2FUzjR13Cr3NPfhIieX5PzXDA=="
    "resolved" "https://registry.npmjs.org/caniuse-lite/-/caniuse-lite-1.0.30001320.tgz"
    "version" "1.0.30001320"
  
  "chalk@^4.1.0", "chalk@^4.1.2":
    "integrity" "sha512-oKnbhFyRIXpUuez8iBMmyEa4nbj4IOQyuhc/wy9kY7/WVPcwIO9VA668Pu8RkO7+0G76SLROeyw9CpQ061i4mA=="
    "resolved" "https://registry.npmjs.org/chalk/-/chalk-4.1.2.tgz"
    "version" "4.1.2"
    dependencies:
      "ansi-styles" "^4.1.0"
      "supports-color" "^7.1.0"
  
  "chokidar@^3.5.3", "chokidar@>=3.0.0 <4.0.0":
    "integrity" "sha512-Dr3sfKRP6oTcjf2JmUmFJfeVMvXBdegxB0iVQ5eb2V10uFJUCAS8OByZdVAyVb8xXNz3GjjTgj9kLWsZTqE6kw=="
    "resolved" "https://registry.npmjs.org/chokidar/-/chokidar-3.5.3.tgz"
    "version" "3.5.3"
    dependencies:
      "anymatch" "~3.1.2"
      "braces" "~3.0.2"
      "glob-parent" "~5.1.2"
      "is-binary-path" "~2.1.0"
      "is-glob" "~4.0.1"
      "normalize-path" "~3.0.0"
      "readdirp" "~3.6.0"
    optionalDependencies:
      "fsevents" "~2.3.2"
  
  "cli-cursor@^3.1.0":
    "integrity" "sha512-I/zHAwsKf9FqGoXM4WWRACob9+SNukZTd94DWF57E4toouRulbCxcUh6RKUEOQlYTHJnzkPMySvPNaaSLNfLZw=="
    "resolved" "https://registry.npmjs.org/cli-cursor/-/cli-cursor-3.1.0.tgz"
    "version" "3.1.0"
    dependencies:
      "restore-cursor" "^3.1.0"
  
  "cli-spinners@^2.5.0":
    "integrity" "sha512-x/5fWmGMnbKQAaNwN+UZlV79qBLM9JFnJuJ03gIi5whrob0xV0ofNVHy9DhwGdsMJQc2OKv0oGmLzvaqvAVv+g=="
    "resolved" "https://registry.npmjs.org/cli-spinners/-/cli-spinners-2.6.1.tgz"
    "version" "2.6.1"
  
  "clone@^1.0.2":
    "integrity" "sha1-2jCcwmPfFZlMaIypAheco8fNfH4="
    "resolved" "https://registry.npmjs.org/clone/-/clone-1.0.4.tgz"
    "version" "1.0.4"
  
  "color-convert@^2.0.1":
    "integrity" "sha512-RRECPsj7iu/xb5oKYcsFHSppFNnsj/52OVTRKb4zP5onXwVF3zVmmToNcOfGC+CRDpfK/U584fMg38ZHCaElKQ=="
    "resolved" "https://registry.npmjs.org/color-convert/-/color-convert-2.0.1.tgz"
    "version" "2.0.1"
    dependencies:
      "color-name" "~1.1.4"
  
  "color-name@~1.1.4":
    "integrity" "sha512-dOy+3AuW3a2wNbZHIuMZpTcgjGuLU/uBL/ubcZF9OXbDo8ff4O8yVp5Bf0efS8uEoYo5q4Fx7dY9OgQGXgAsQA=="
    "resolved" "https://registry.npmjs.org/color-name/-/color-name-1.1.4.tgz"
    "version" "1.1.4"
  
  "commander@^2.18.0":
    "integrity" "sha512-GpVkmM8vF2vQUkj2LvZmD35JxeJOLCwJ9cUkugyk2nuhbv3+mJvpLYYt+0+USMxE+oj+ey/lJEnhZw75x/OMcQ=="
    "resolved" "https://registry.npmjs.org/commander/-/commander-2.20.3.tgz"
    "version" "2.20.3"
  
  "commondir@^1.0.1":
    "integrity" "sha1-3dgA2gxmEnOTzKWVDqloo6rxJTs="
    "resolved" "https://registry.npmjs.org/commondir/-/commondir-1.0.1.tgz"
    "version" "1.0.1"
  
  "concat-map@0.0.1":
    "integrity" "sha1-2Klr13/Wjfd5OnMDajug1UBdR3s="
    "resolved" "https://registry.npmjs.org/concat-map/-/concat-map-0.0.1.tgz"
    "version" "0.0.1"
  
  "connect-history-api-fallback@^1.6.0":
    "integrity" "sha512-e54B99q/OUoH64zYYRf3HBP5z24G38h5D3qXu23JGRoigpX5Ss4r9ZnDk3g0Z8uQC2x2lPaJ+UlWBc1ZWBWdLg=="
    "resolved" "https://registry.npmjs.org/connect-history-api-fallback/-/connect-history-api-fallback-1.6.0.tgz"
    "version" "1.6.0"
  
  "cross-spawn@^7.0.3":
    "integrity" "sha512-iRDPJKUPVEND7dHPO8rkbOnPpyDygcDFtWjpeWNCgy8WP2rXcxXL8TskReQl6OrB2G7+UJrags1q15Fudc7G6w=="
    "resolved" "https://registry.npmjs.org/cross-spawn/-/cross-spawn-7.0.3.tgz"
    "version" "7.0.3"
    dependencies:
      "path-key" "^3.1.0"
      "shebang-command" "^2.0.0"
      "which" "^2.0.1"
  
  "css-tree@~2.0.4":
    "integrity" "sha512-b4IS9ZUMtGBiNjzYbcj9JhYbyei99R3ai2CSxlu8GQDnoPA/P+NU85hAm0eKDc/Zp660rpK6tFJQ2OSdacMHVg=="
    "resolved" "https://registry.npmjs.org/css-tree/-/css-tree-2.0.4.tgz"
    "version" "2.0.4"
    dependencies:
      "mdn-data" "2.0.23"
      "source-map-js" "^1.0.1"
  
  "csso@^5.0.1":
    "integrity" "sha512-93gBHTJ6EQlLNhIX5Ho8VAJD2t2T2wg1xHDjbIUm/oQ7iFiSUTo9jSojiQK0pEZ3lMhYDrQO7Rcd70M68+VrtA=="
    "resolved" "https://registry.npmjs.org/csso/-/csso-5.0.3.tgz"
    "version" "5.0.3"
    dependencies:
      "css-tree" "~2.0.4"
  
  "csstype@^2.6.8":
    "integrity" "sha512-/WwNkdXfckNgw6S5R125rrW8ez139lBHWouiBvX8dfMFtcn6V81REDqnH7+CRpRipfYlyU1CmOnOxrmGcFOjeA=="
    "resolved" "https://registry.npmjs.org/csstype/-/csstype-2.6.20.tgz"
    "version" "2.6.20"
  
  "debug@^4.3.3":
    "integrity" "sha512-PRWFHuSU3eDtQJPvnNY7Jcket1j0t5OuOsFzPPzsekD52Zl8qUfFIPEiswXqIvHWGVHOgX+7G/vCNNhehwxfkQ=="
    "resolved" "https://registry.npmjs.org/debug/-/debug-4.3.4.tgz"
    "version" "4.3.4"
    dependencies:
      "ms" "2.1.2"
  
  "defaults@^1.0.3":
    "integrity" "sha1-xlYFHpgX2f8I7YgUd/P+QBnz730="
    "resolved" "https://registry.npmjs.org/defaults/-/defaults-1.0.3.tgz"
    "version" "1.0.3"
    dependencies:
      "clone" "^1.0.2"
  
  "dir-glob@^3.0.1":
    "integrity" "sha512-WkrWp9GR4KXfKGYzOLmTuGVi1UWFfws377n9cc55/tb6DuqyF6pcQ5AbiHEshaDpY9v6oaSr2XCDidGmMwdzIA=="
    "resolved" "https://registry.npmjs.org/dir-glob/-/dir-glob-3.0.1.tgz"
    "version" "3.0.1"
    dependencies:
      "path-type" "^4.0.0"
  
  "electron-to-chromium@^1.4.84":
    "integrity" "sha512-vqSu7Qn6o5E1uAJQxmq2U69aBhBTxUAXMuT5Sm3jj8kEJciuUcKciktLuTPFSRlwSdNyeu9qah8Nzy9JyxefCw=="
    "resolved" "https://registry.npmjs.org/electron-to-chromium/-/electron-to-chromium-1.4.97.tgz"
    "version" "1.4.97"
  
  "email-addresses@^3.0.1":
    "integrity" "sha512-k0/r7GrWVL32kZlGwfPNgB2Y/mMXVTq/decgLczm/j34whdaspNrZO8CnXPf1laaHxI6ptUlsnAxN+UAPw+fzg=="
    "resolved" "https://registry.npmjs.org/email-addresses/-/email-addresses-3.1.0.tgz"
    "version" "3.1.0"
  
  "entities@~2.1.0":
    "integrity" "sha512-hCx1oky9PFrJ611mf0ifBLBRW8lUUVRlFolb5gWRfIELabBlbp9xZvrqZLZAs+NxFnbfQoeGd8wDkygjg7U85w=="
    "resolved" "https://registry.npmjs.org/entities/-/entities-2.1.0.tgz"
    "version" "2.1.0"
  
  "envinfo@^7.8.1":
    "integrity" "sha512-/o+BXHmB7ocbHEAs6F2EnG0ogybVVUdkRunTT2glZU9XAaGmhqskrvKwqXuDfNjEO0LZKWdejEEpnq8aM0tOaw=="
    "resolved" "https://registry.npmjs.org/envinfo/-/envinfo-7.8.1.tgz"
    "version" "7.8.1"
  
  "esbuild-windows-64@0.13.15":
    "integrity" "sha512-9aMsPRGDWCd3bGjUIKG/ZOJPKsiztlxl/Q3C1XDswO6eNX/Jtwu4M+jb6YDH9hRSUflQWX0XKAfWzgy5Wk54JQ=="
    "resolved" "https://registry.npmjs.org/esbuild-windows-64/-/esbuild-windows-64-0.13.15.tgz"
    "version" "0.13.15"
  
  "esbuild-windows-64@0.14.28":
    "integrity" "sha512-78PhySDnmRZlsPNp/W/5Fim8iivlBQQxfhBFIqR7xwvfDmCFUSByyMKP7LCHgNtb04yNdop8nJJkJaQ8Xnwgiw=="
    "resolved" "https://registry.npmjs.org/esbuild-windows-64/-/esbuild-windows-64-0.14.28.tgz"
    "version" "0.14.28"
  
  "esbuild@^0.13.12":
    "integrity" "sha512-raCxt02HBKv8RJxE8vkTSCXGIyKHdEdGfUmiYb8wnabnaEmHzyW7DCHb5tEN0xU8ryqg5xw54mcwnYkC4x3AIw=="
    "resolved" "https://registry.npmjs.org/esbuild/-/esbuild-0.13.15.tgz"
    "version" "0.13.15"
    optionalDependencies:
      "esbuild-android-arm64" "0.13.15"
      "esbuild-darwin-64" "0.13.15"
      "esbuild-darwin-arm64" "0.13.15"
      "esbuild-freebsd-64" "0.13.15"
      "esbuild-freebsd-arm64" "0.13.15"
      "esbuild-linux-32" "0.13.15"
      "esbuild-linux-64" "0.13.15"
      "esbuild-linux-arm" "0.13.15"
      "esbuild-linux-arm64" "0.13.15"
      "esbuild-linux-mips64le" "0.13.15"
      "esbuild-linux-ppc64le" "0.13.15"
      "esbuild-netbsd-64" "0.13.15"
      "esbuild-openbsd-64" "0.13.15"
      "esbuild-sunos-64" "0.13.15"
      "esbuild-windows-32" "0.13.15"
      "esbuild-windows-64" "0.13.15"
      "esbuild-windows-arm64" "0.13.15"
  
  "esbuild@^0.14.14":
    "integrity" "sha512-YLNprkCcMVKQ5sekmCKEQ3Obu/L7s6+iij38xNKyBeSmSsTWur4Ky/9zB3XIGT8SCJITG/bZwAR2l7YOAXch4Q=="
    "resolved" "https://registry.npmjs.org/esbuild/-/esbuild-0.14.28.tgz"
    "version" "0.14.28"
    optionalDependencies:
      "esbuild-android-64" "0.14.28"
      "esbuild-android-arm64" "0.14.28"
      "esbuild-darwin-64" "0.14.28"
      "esbuild-darwin-arm64" "0.14.28"
      "esbuild-freebsd-64" "0.14.28"
      "esbuild-freebsd-arm64" "0.14.28"
      "esbuild-linux-32" "0.14.28"
      "esbuild-linux-64" "0.14.28"
      "esbuild-linux-arm" "0.14.28"
      "esbuild-linux-arm64" "0.14.28"
      "esbuild-linux-mips64le" "0.14.28"
      "esbuild-linux-ppc64le" "0.14.28"
      "esbuild-linux-riscv64" "0.14.28"
      "esbuild-linux-s390x" "0.14.28"
      "esbuild-netbsd-64" "0.14.28"
      "esbuild-openbsd-64" "0.14.28"
      "esbuild-sunos-64" "0.14.28"
      "esbuild-windows-32" "0.14.28"
      "esbuild-windows-64" "0.14.28"
      "esbuild-windows-arm64" "0.14.28"
  
  "escalade@^3.1.1":
    "integrity" "sha512-k0er2gUkLf8O0zKJiAhmkTnJlTvINGv7ygDNPbeIsX/TJjGJZHuh9B2UxbsaEkmlEo9MfhrSzmhIlhRlI2GXnw=="
    "resolved" "https://registry.npmjs.org/escalade/-/escalade-3.1.1.tgz"
    "version" "3.1.1"
  
  "escape-string-regexp@^1.0.2":
    "integrity" "sha1-G2HAViGQqN/2rjuyzwIAyhMLhtQ="
    "resolved" "https://registry.npmjs.org/escape-string-regexp/-/escape-string-regexp-1.0.5.tgz"
    "version" "1.0.5"
  
  "esprima@^4.0.0":
    "integrity" "sha512-eGuFFw7Upda+g4p+QHvnW0RyTX/SVeJBDM/gCtMARO0cLuT2HcEKnTPvhjV6aGeqrCB/sbNop0Kszm0jsaWU4A=="
    "resolved" "https://registry.npmjs.org/esprima/-/esprima-4.0.1.tgz"
    "version" "4.0.1"
  
  "estree-walker@^2.0.2":
    "integrity" "sha512-Rfkk/Mp/DL7JVje3u18FxFujQlTNR2q6QfMSMB7AvCBx91NGj/ba3kCfza0f6dVDbw7YlRf/nDrn7pQrCCyQ/w=="
    "resolved" "https://registry.npmjs.org/estree-walker/-/estree-walker-2.0.2.tgz"
    "version" "2.0.2"
  
  "execa@^5.1.1":
    "integrity" "sha512-8uSpZZocAZRBAPIEINJj3Lo9HyGitllczc27Eh5YYojjMFMn8yHMDMaUHE2Jqfq05D/wucwI4JGURyXt1vchyg=="
    "resolved" "https://registry.npmjs.org/execa/-/execa-5.1.1.tgz"
    "version" "5.1.1"
    dependencies:
      "cross-spawn" "^7.0.3"
      "get-stream" "^6.0.0"
      "human-signals" "^2.1.0"
      "is-stream" "^2.0.0"
      "merge-stream" "^2.0.0"
      "npm-run-path" "^4.0.1"
      "onetime" "^5.1.2"
      "signal-exit" "^3.0.3"
      "strip-final-newline" "^2.0.0"
  
  "extend-shallow@^2.0.1":
    "integrity" "sha1-Ua99YUrZqfYQ6huvu5idaxxWiQ8="
    "resolved" "https://registry.npmjs.org/extend-shallow/-/extend-shallow-2.0.1.tgz"
    "version" "2.0.1"
    dependencies:
      "is-extendable" "^0.1.0"
  
  "fast-glob@^3.2.9":
    "integrity" "sha512-xrO3+1bxSo3ZVHAnqzyuewYT6aMFHRAd4Kcs92MAonjwQZLsK9d0SF1IyQ3k5PoirxTW0Oe/RqFgMQ6TcNE5Ew=="
    "resolved" "https://registry.npmjs.org/fast-glob/-/fast-glob-3.2.11.tgz"
    "version" "3.2.11"
    dependencies:
      "@nodelib/fs.stat" "^2.0.2"
      "@nodelib/fs.walk" "^1.2.3"
      "glob-parent" "^5.1.2"
      "merge2" "^1.3.0"
      "micromatch" "^4.0.4"
  
  "fastq@^1.6.0":
    "integrity" "sha512-YpkpUnK8od0o1hmeSc7UUs/eB/vIPWJYjKck2QKIzAf71Vm1AAQ3EbuZB3g2JIy+pg+ERD0vqI79KyZiB2e2Nw=="
    "resolved" "https://registry.npmjs.org/fastq/-/fastq-1.13.0.tgz"
    "version" "1.13.0"
    dependencies:
      "reusify" "^1.0.4"
  
  "filename-reserved-regex@^1.0.0":
    "integrity" "sha1-5hz4BfDeHJhFZ9A4bcXfUO5a9+Q="
    "resolved" "https://registry.npmjs.org/filename-reserved-regex/-/filename-reserved-regex-1.0.0.tgz"
    "version" "1.0.0"
  
  "filenamify-url@^1.0.0":
    "integrity" "sha1-syvYExnvWGO3MHi+1Q9GpPeXX1A="
    "resolved" "https://registry.npmjs.org/filenamify-url/-/filenamify-url-1.0.0.tgz"
    "version" "1.0.0"
    dependencies:
      "filenamify" "^1.0.0"
      "humanize-url" "^1.0.0"
  
  "filenamify@^1.0.0":
    "integrity" "sha1-qfL/0RxQO+0wABUCknI3jx8TZaU="
    "resolved" "https://registry.npmjs.org/filenamify/-/filenamify-1.2.1.tgz"
    "version" "1.2.1"
    dependencies:
      "filename-reserved-regex" "^1.0.0"
      "strip-outer" "^1.0.0"
      "trim-repeated" "^1.0.0"
  
  "fill-range@^7.0.1":
    "integrity" "sha512-qOo9F+dMUmC2Lcb4BbVvnKJxTPjCm+RRpe4gDuGrzkL7mEVl/djYSu2OdQ2Pa302N4oqkSg9ir6jaLWJ2USVpQ=="
    "resolved" "https://registry.npmjs.org/fill-range/-/fill-range-7.0.1.tgz"
    "version" "7.0.1"
    dependencies:
      "to-regex-range" "^5.0.1"
  
  "find-cache-dir@^3.3.1":
    "integrity" "sha512-t2GDMt3oGC/v+BMwzmllWDuJF/xcDtE5j/fCGbqDD7OLuJkj0cfh1YSA5VKPvwMeLFLNDBkwOKZ2X85jGLVftQ=="
    "resolved" "https://registry.npmjs.org/find-cache-dir/-/find-cache-dir-3.3.1.tgz"
    "version" "3.3.1"
    dependencies:
      "commondir" "^1.0.1"
      "make-dir" "^3.0.2"
      "pkg-dir" "^4.1.0"
  
  "find-up@^4.0.0":
    "integrity" "sha512-PpOwAdQ/YlXQ2vj8a3h8IipDuYRi3wceVQQGYWxNINccq40Anw7BlsEXCMbt1Zt+OLA6Fq9suIpIWD0OsnISlw=="
    "resolved" "https://registry.npmjs.org/find-up/-/find-up-4.1.0.tgz"
    "version" "4.1.0"
    dependencies:
      "locate-path" "^5.0.0"
      "path-exists" "^4.0.0"
  
  "fraction.js@^4.2.0":
    "integrity" "sha512-MhLuK+2gUcnZe8ZHlaaINnQLl0xRIGRfcGk2yl8xoQAfHrSsL3rYu6FCmBdkdbhc9EPlwyGHewaRsvwRMJtAlA=="
    "resolved" "https://registry.npmjs.org/fraction.js/-/fraction.js-4.2.0.tgz"
    "version" "4.2.0"
  
  "fs-extra@^10.0.0":
    "integrity" "sha512-NbdoVMZso2Lsrn/QwLXOy6rm0ufY2zEOKCDzJR/0kBsb0E6qed0P3iYK+Ath3BfvXEeu4JhEtXLgILx5psUfag=="
    "resolved" "https://registry.npmjs.org/fs-extra/-/fs-extra-10.0.1.tgz"
    "version" "10.0.1"
    dependencies:
      "graceful-fs" "^4.2.0"
      "jsonfile" "^6.0.1"
      "universalify" "^2.0.0"
  
  "fs-extra@^8.1.0":
    "integrity" "sha512-yhlQgA6mnOJUKOsRUFsgJdQCvkKhcz8tlZG5HBQfReYZy46OwLcY+Zia0mtdHsOo9y/hP+CxMN0TU9QxoOtG4g=="
    "resolved" "https://registry.npmjs.org/fs-extra/-/fs-extra-8.1.0.tgz"
    "version" "8.1.0"
    dependencies:
      "graceful-fs" "^4.2.0"
      "jsonfile" "^4.0.0"
      "universalify" "^0.1.0"
  
  "fs.realpath@^1.0.0":
    "integrity" "sha1-FQStJSMVjKpA20onh8sBQRmU6k8="
    "resolved" "https://registry.npmjs.org/fs.realpath/-/fs.realpath-1.0.0.tgz"
    "version" "1.0.0"
  
  "function-bind@^1.1.1":
    "integrity" "sha512-yIovAzMX49sF8Yl58fSCWJ5svSLuaibPxXQJFLmBObTuCr0Mf1KiPopGM9NiFjiYBCbfaa2Fh6breQ6ANVTI0A=="
    "resolved" "https://registry.npmjs.org/function-bind/-/function-bind-1.1.1.tgz"
    "version" "1.1.1"
  
  "get-stream@^6.0.0":
    "integrity" "sha512-ts6Wi+2j3jQjqi70w5AlN8DFnkSwC+MqmxEzdEALB2qXZYV3X/b1CTfgPLGJNMeAWxdPfU8FO1ms3NUfaHCPYg=="
    "resolved" "https://registry.npmjs.org/get-stream/-/get-stream-6.0.1.tgz"
    "version" "6.0.1"
  
  "gh-pages@^3.1.0":
    "integrity" "sha512-3b1rly9kuf3/dXsT8+ZxP0UhNLOo1CItj+3e31yUVcaph/yDsJ9RzD7JOw5o5zpBTJVQLlJAASNkUfepi9fe2w=="
    "resolved" "https://registry.npmjs.org/gh-pages/-/gh-pages-3.1.0.tgz"
    "version" "3.1.0"
    dependencies:
      "async" "^2.6.1"
      "commander" "^2.18.0"
      "email-addresses" "^3.0.1"
      "filenamify-url" "^1.0.0"
      "find-cache-dir" "^3.3.1"
      "fs-extra" "^8.1.0"
      "globby" "^6.1.0"
  
  "glob-parent@^5.1.2", "glob-parent@~5.1.2":
    "integrity" "sha512-AOIgSQCepiJYwP3ARnGx+5VnTu2HBYdzbGP45eLw1vr3zB3vZLeyed1sC9hnbcOc9/SrMyM5RPQrkGz4aS9Zow=="
    "resolved" "https://registry.npmjs.org/glob-parent/-/glob-parent-5.1.2.tgz"
    "version" "5.1.2"
    dependencies:
      "is-glob" "^4.0.1"
  
  "glob@^7.0.3":
    "integrity" "sha512-LwaxwyZ72Lk7vZINtNNrywX0ZuLyStrdDtabefZKAY5ZGJhVtgdznluResxNmPitE0SAO+O26sWTHeKSI2wMBA=="
    "resolved" "https://registry.npmjs.org/glob/-/glob-7.1.6.tgz"
    "version" "7.1.6"
    dependencies:
      "fs.realpath" "^1.0.0"
      "inflight" "^1.0.4"
      "inherits" "2"
      "minimatch" "^3.0.4"
      "once" "^1.3.0"
      "path-is-absolute" "^1.0.0"
  
  "globby@^11.0.4":
    "integrity" "sha512-jhIXaOzy1sb8IyocaruWSn1TjmnBVs8Ayhcy83rmxNJ8q2uWKCAj3CnJY+KpGSXCueAPc0i05kVvVKtP1t9S3g=="
    "resolved" "https://registry.npmjs.org/globby/-/globby-11.1.0.tgz"
    "version" "11.1.0"
    dependencies:
      "array-union" "^2.1.0"
      "dir-glob" "^3.0.1"
      "fast-glob" "^3.2.9"
      "ignore" "^5.2.0"
      "merge2" "^1.4.1"
      "slash" "^3.0.0"
  
  "globby@^6.1.0":
    "integrity" "sha1-9abXDoOV4hyFj7BInWTfAkJNUGw="
    "resolved" "https://registry.npmjs.org/globby/-/globby-6.1.0.tgz"
    "version" "6.1.0"
    dependencies:
      "array-union" "^1.0.1"
      "glob" "^7.0.3"
      "object-assign" "^4.0.1"
      "pify" "^2.0.0"
      "pinkie-promise" "^2.0.0"
  
  "graceful-fs@^4.1.6", "graceful-fs@^4.2.0":
    "integrity" "sha512-nTnJ528pbqxYanhpDYsi4Rd8MAeaBA67+RZ10CM1m3bTAVFEDcd5AuA4a6W5YkGZ1iNXHzZz8T6TBKLeBuNriQ=="
    "resolved" "https://registry.npmjs.org/graceful-fs/-/graceful-fs-4.2.6.tgz"
    "version" "4.2.6"
  
  "gray-matter@^4.0.3":
    "integrity" "sha512-5v6yZd4JK3eMI3FqqCouswVqwugaA9r4dNZB1wwcmrD02QkV5H0y7XBQW8QwQqEaZY1pM9aqORSORhJRdNK44Q=="
    "resolved" "https://registry.npmjs.org/gray-matter/-/gray-matter-4.0.3.tgz"
    "version" "4.0.3"
    dependencies:
      "js-yaml" "^3.13.1"
      "kind-of" "^6.0.2"
      "section-matter" "^1.0.0"
      "strip-bom-string" "^1.0.0"
  
  "has-flag@^4.0.0":
    "integrity" "sha512-EykJT/Q1KjTWctppgIAgfSO0tKVuZUjhgMr17kqTumMl6Afv3EISleU7qZUzoXDFTAHTDC4NOoG/ZxU3EvlMPQ=="
    "resolved" "https://registry.npmjs.org/has-flag/-/has-flag-4.0.0.tgz"
    "version" "4.0.0"
  
  "has@^1.0.3":
    "integrity" "sha512-f2dvO0VU6Oej7RkWJGrehjbzMAjFp5/VKPp5tTpWIV4JHHZK1/BxbFRtf/siA2SWTe09caDmVtYYzWEIbBS4zw=="
    "resolved" "https://registry.npmjs.org/has/-/has-1.0.3.tgz"
    "version" "1.0.3"
    dependencies:
      "function-bind" "^1.1.1"
  
  "hash-sum@^2.0.0":
    "integrity" "sha512-WdZTbAByD+pHfl/g9QSsBIIwy8IT+EsPiKDs0KNX+zSHhdDLFKdZu0BQHljvO+0QI/BasbMSUa8wYNCZTvhslg=="
    "resolved" "https://registry.npmjs.org/hash-sum/-/hash-sum-2.0.0.tgz"
    "version" "2.0.0"
  
  "human-signals@^2.1.0":
    "integrity" "sha512-B4FFZ6q/T2jhhksgkbEW3HBvWIfDW85snkQgawt07S7J5QXTk6BkNV+0yAeZrM5QpMAdYlocGoljn0sJ/WQkFw=="
    "resolved" "https://registry.npmjs.org/human-signals/-/human-signals-2.1.0.tgz"
    "version" "2.1.0"
  
  "humanize-url@^1.0.0":
    "integrity" "sha1-9KuZ4NKIF0yk4eUEB8VfuuRk7/8="
    "resolved" "https://registry.npmjs.org/humanize-url/-/humanize-url-1.0.1.tgz"
    "version" "1.0.1"
    dependencies:
      "normalize-url" "^1.0.0"
      "strip-url-auth" "^1.0.0"
  
  "ieee754@^1.1.13":
    "integrity" "sha512-dcyqhDvX1C46lXZcVqCpK+FtMRQVdIMN6/Df5js2zouUsqG7I6sFxitIC+7KYK29KdXOLHdu9zL4sFnoVQnqaA=="
    "resolved" "https://registry.npmjs.org/ieee754/-/ieee754-1.2.1.tgz"
    "version" "1.2.1"
  
  "ignore@^5.2.0":
    "integrity" "sha512-CmxgYGiEPCLhfLnpPp1MoRmifwEIOgjcHXxOBjv7mY96c+eWScsOP9c112ZyLdWHi0FxHjI+4uVhKYp/gcdRmQ=="
    "resolved" "https://registry.npmjs.org/ignore/-/ignore-5.2.0.tgz"
    "version" "5.2.0"
  
  "immutable@^4.0.0":
    "integrity" "sha512-zIE9hX70qew5qTUjSS7wi1iwj/l7+m54KWU247nhM3v806UdGj1yDndXj+IOYxxtW9zyLI+xqFNZjTuDaLUqFw=="
    "resolved" "https://registry.npmjs.org/immutable/-/immutable-4.0.0.tgz"
    "version" "4.0.0"
  
  "inflight@^1.0.4":
    "integrity" "sha1-Sb1jMdfQLQwJvJEKEHW6gWW1bfk="
    "resolved" "https://registry.npmjs.org/inflight/-/inflight-1.0.6.tgz"
    "version" "1.0.6"
    dependencies:
      "once" "^1.3.0"
      "wrappy" "1"
  
  "inherits@^2.0.3", "inherits@^2.0.4", "inherits@2":
    "integrity" "sha512-k/vGaX4/Yla3WzyMCvTQOXYeIHvqOKtnqBduzTHpzpQZzAskKMhZ2K+EnBiSM9zGSoIFeMpXKxa4dYeZIQqewQ=="
    "resolved" "https://registry.npmjs.org/inherits/-/inherits-2.0.4.tgz"
    "version" "2.0.4"
  
  "is-binary-path@~2.1.0":
    "integrity" "sha512-ZMERYes6pDydyuGidse7OsHxtbI7WVeUEozgR/g7rd0xUimYNlvZRE/K2MgZTjWy725IfelLeVcEM97mmtRGXw=="
    "resolved" "https://registry.npmjs.org/is-binary-path/-/is-binary-path-2.1.0.tgz"
    "version" "2.1.0"
    dependencies:
      "binary-extensions" "^2.0.0"
  
  "is-core-module@^2.8.1":
    "integrity" "sha512-SdNCUs284hr40hFTFP6l0IfZ/RSrMXF3qgoRHd3/79unUTvrFO/JoXwkGm+5J/Oe3E/b5GsnG330uUNgRpu1PA=="
    "resolved" "https://registry.npmjs.org/is-core-module/-/is-core-module-2.8.1.tgz"
    "version" "2.8.1"
    dependencies:
      "has" "^1.0.3"
  
  "is-extendable@^0.1.0":
    "integrity" "sha1-YrEQ4omkcUGOPsNqYX1HLjAd/Ik="
    "resolved" "https://registry.npmjs.org/is-extendable/-/is-extendable-0.1.1.tgz"
    "version" "0.1.1"
  
  "is-extglob@^2.1.1":
    "integrity" "sha1-qIwCU1eR8C7TfHahueqXc8gz+MI="
    "resolved" "https://registry.npmjs.org/is-extglob/-/is-extglob-2.1.1.tgz"
    "version" "2.1.1"
  
  "is-glob@^4.0.1", "is-glob@~4.0.1":
    "integrity" "sha512-5G0tKtBTFImOqDnLB2hG6Bp2qcKEFduo4tZu9MT/H6NQv/ghhy30o55ufafxJ/LdH79LLs2Kfrn85TLKyA7BUg=="
    "resolved" "https://registry.npmjs.org/is-glob/-/is-glob-4.0.1.tgz"
    "version" "4.0.1"
    dependencies:
      "is-extglob" "^2.1.1"
  
  "is-interactive@^1.0.0":
    "integrity" "sha512-2HvIEKRoqS62guEC+qBjpvRubdX910WCMuJTZ+I9yvqKU2/12eSL549HMwtabb4oupdj2sMP50k+XJfB/8JE6w=="
    "resolved" "https://registry.npmjs.org/is-interactive/-/is-interactive-1.0.0.tgz"
    "version" "1.0.0"
  
  "is-number@^7.0.0":
    "integrity" "sha512-41Cifkg6e8TylSpdtTpeLVMqvSBEVzTttHvERD741+pnZ8ANv0004MRL43QKPDlK9cGvNp6NZWZUBlbGXYxxng=="
    "resolved" "https://registry.npmjs.org/is-number/-/is-number-7.0.0.tgz"
    "version" "7.0.0"
  
  "is-plain-obj@^1.0.0":
    "integrity" "sha1-caUMhCnfync8kqOQpKA7OfzVHT4="
    "resolved" "https://registry.npmjs.org/is-plain-obj/-/is-plain-obj-1.1.0.tgz"
    "version" "1.1.0"
  
  "is-stream@^2.0.0":
    "integrity" "sha512-hFoiJiTl63nn+kstHGBtewWSKnQLpyb155KHheA1l39uvtO9nWIop1p3udqPcUd/xbF1VLMO4n7OI6p7RbngDg=="
    "resolved" "https://registry.npmjs.org/is-stream/-/is-stream-2.0.1.tgz"
    "version" "2.0.1"
  
  "is-unicode-supported@^0.1.0":
    "integrity" "sha512-knxG2q4UC3u8stRGyAVJCOdxFmv5DZiRcdlIaAQXAbSfJya+OhopNotLQrstBhququ4ZpuKbDc/8S6mgXgPFPw=="
    "resolved" "https://registry.npmjs.org/is-unicode-supported/-/is-unicode-supported-0.1.0.tgz"
    "version" "0.1.0"
  
  "isexe@^2.0.0":
    "integrity" "sha1-6PvzdNxVb/iUehDcsFctYz8s+hA="
    "resolved" "https://registry.npmjs.org/isexe/-/isexe-2.0.0.tgz"
    "version" "2.0.0"
  
  "js-yaml@^3.13.1":
    "integrity" "sha512-okMH7OXXJ7YrN9Ok3/SXrnu4iX9yOk+25nqX4imS2npuvTYDmo/QEZoqwZkYaIDk3jVvBOTOIEgEhaLOynBS9g=="
    "resolved" "https://registry.npmjs.org/js-yaml/-/js-yaml-3.14.1.tgz"
    "version" "3.14.1"
    dependencies:
      "argparse" "^1.0.7"
      "esprima" "^4.0.0"
  
  "jsonfile@^4.0.0":
    "integrity" "sha1-h3Gq4HmbZAdrdmQPygWPnBDjPss="
    "resolved" "https://registry.npmjs.org/jsonfile/-/jsonfile-4.0.0.tgz"
    "version" "4.0.0"
    optionalDependencies:
      "graceful-fs" "^4.1.6"
  
  "jsonfile@^6.0.1":
    "integrity" "sha512-5dgndWOriYSm5cnYaJNhalLNDKOqFwyDB/rr1E9ZsGciGvKPs8R2xYGCacuf3z6K1YKDz182fd+fY3cn3pMqXQ=="
    "resolved" "https://registry.npmjs.org/jsonfile/-/jsonfile-6.1.0.tgz"
    "version" "6.1.0"
    dependencies:
      "universalify" "^2.0.0"
    optionalDependencies:
      "graceful-fs" "^4.1.6"
  
  "kind-of@^6.0.0", "kind-of@^6.0.2":
    "integrity" "sha512-dcS1ul+9tmeD95T+x28/ehLgd9mENa3LsvDTtzm3vyBEO7RPptvAD+t44WVXaUjTBRcrpFeFlC8WCruUR456hw=="
    "resolved" "https://registry.npmjs.org/kind-of/-/kind-of-6.0.3.tgz"
    "version" "6.0.3"
  
  "klona@^2.0.4":
    "integrity" "sha512-pJiBpiXMbt7dkzXe8Ghj/u4FfXOOa98fPW+bihOJ4SjnoijweJrNThJfd3ifXpXhREjpoF2mZVH1GfS9LV3kHQ=="
    "resolved" "https://registry.npmjs.org/klona/-/klona-2.0.5.tgz"
    "version" "2.0.5"
  
  "linkify-it@^3.0.1":
    "integrity" "sha512-ynTsyrFSdE5oZ/O9GEf00kPngmOfVwazR5GKDq6EYfhlpFug3J2zybX56a2PRRpc9P+FuSoGNAwjlbDs9jJBPQ=="
    "resolved" "https://registry.npmjs.org/linkify-it/-/linkify-it-3.0.3.tgz"
    "version" "3.0.3"
    dependencies:
      "uc.micro" "^1.0.1"
  
  "locate-path@^5.0.0":
    "integrity" "sha512-t7hw9pI+WvuwNJXwk5zVHpyhIqzg2qTlklJOf0mVxGSbe3Fp2VieZcduNYjaLDoy6p9uGpQEGWG87WpMKlNq8g=="
    "resolved" "https://registry.npmjs.org/locate-path/-/locate-path-5.0.0.tgz"
    "version" "5.0.0"
    dependencies:
      "p-locate" "^4.1.0"
  
  "lodash@^4.17.14":
    "integrity" "sha512-v2kDEe57lecTulaDIuNTPy3Ry4gLGJ6Z1O3vE1krgXZNrsQ+LFTGHVxVjcXPs17LhbZVGedAJv8XZ1tvj5FvSg=="
    "resolved" "https://registry.npmjs.org/lodash/-/lodash-4.17.21.tgz"
    "version" "4.17.21"
  
  "log-symbols@^4.1.0":
    "integrity" "sha512-8XPvpAA8uyhfteu8pIvQxpJZ7SYYdpUivZpGy6sFsBuKRY/7rQGavedeB8aK+Zkyq6upMFVL/9AW6vOYzfRyLg=="
    "resolved" "https://registry.npmjs.org/log-symbols/-/log-symbols-4.1.0.tgz"
    "version" "4.1.0"
    dependencies:
      "chalk" "^4.1.0"
      "is-unicode-supported" "^0.1.0"
  
  "magic-string@^0.25.7":
    "integrity" "sha512-RmF0AsMzgt25qzqqLc1+MbHmhdx0ojF2Fvs4XnOqz2ZOBXzzkEwc/dJQZCYHAn7v1jbVOjAZfK8msRn4BxO4VQ=="
    "resolved" "https://registry.npmjs.org/magic-string/-/magic-string-0.25.9.tgz"
    "version" "0.25.9"
    dependencies:
      "sourcemap-codec" "^1.4.8"
  
  "make-dir@^3.0.2":
    "integrity" "sha512-g3FeP20LNwhALb/6Cz6Dd4F2ngze0jz7tbzrD2wAV+o9FeNHe4rL+yK2md0J/fiSf1sa1ADhXqi5+oVwOM/eGw=="
    "resolved" "https://registry.npmjs.org/make-dir/-/make-dir-3.1.0.tgz"
    "version" "3.1.0"
    dependencies:
      "semver" "^6.0.0"
  
  "markdown-it-anchor@^8.4.1":
    "integrity" "sha512-sLODeRetZ/61KkKLJElaU3NuU2z7MhXf12Ml1WJMSdwpngeofneCRF+JBbat8HiSqhniOMuTemXMrsI7hA6XyA=="
    "resolved" "https://registry.npmjs.org/markdown-it-anchor/-/markdown-it-anchor-8.4.1.tgz"
    "version" "8.4.1"
  
  "markdown-it-container@^3.0.0":
    "integrity" "sha512-y6oKTq4BB9OQuY/KLfk/O3ysFhB3IMYoIWhGJEidXt1NQFocFK2sA2t0NYZAMyMShAGL6x5OPIbrmXPIqaN9rw=="
    "resolved" "https://registry.npmjs.org/markdown-it-container/-/markdown-it-container-3.0.0.tgz"
    "version" "3.0.0"
  
  "markdown-it-emoji@^2.0.0":
    "integrity" "sha512-39j7/9vP/CPCKbEI44oV8yoPJTpvfeReTn/COgRhSpNrjWF3PfP/JUxxB0hxV6ynOY8KH8Y8aX9NMDdo6z+6YQ=="
    "resolved" "https://registry.npmjs.org/markdown-it-emoji/-/markdown-it-emoji-2.0.0.tgz"
    "version" "2.0.0"
  
  "markdown-it@*", "markdown-it@^12.3.2":
    "integrity" "sha512-TchMembfxfNVpHkbtriWltGWc+m3xszaRD0CZup7GFFhzIgQqxIfn3eGj1yZpfuflzPvfkt611B2Q/Bsk1YnGg=="
    "resolved" "https://registry.npmjs.org/markdown-it/-/markdown-it-12.3.2.tgz"
    "version" "12.3.2"
    dependencies:
      "argparse" "^2.0.1"
      "entities" "~2.1.0"
      "linkify-it" "^3.0.1"
      "mdurl" "^1.0.1"
      "uc.micro" "^1.0.5"
  
  "mdn-data@2.0.23":
    "integrity" "sha512-IonVb7pfla2U4zW8rc7XGrtgq11BvYeCxWN8HS+KFBnLDE7XDK9AAMVhRuG6fj9BBsjc69Fqsp6WEActEdNTDQ=="
    "resolved" "https://registry.npmjs.org/mdn-data/-/mdn-data-2.0.23.tgz"
    "version" "2.0.23"
  
  "mdurl@^1.0.1":
    "integrity" "sha1-/oWy7HWlkDfyrf7BAP1sYBdhFS4="
    "resolved" "https://registry.npmjs.org/mdurl/-/mdurl-1.0.1.tgz"
    "version" "1.0.1"
  
  "medium-zoom@^1.0.6":
    "integrity" "sha512-UdiUWfvz9fZMg1pzf4dcuqA0W079o0mpqbTnOz5ip4VGYX96QjmbM+OgOU/0uOzAytxC0Ny4z+VcYQnhdifimg=="
    "resolved" "https://registry.npmjs.org/medium-zoom/-/medium-zoom-1.0.6.tgz"
    "version" "1.0.6"
  
  "merge-stream@^2.0.0":
    "integrity" "sha512-abv/qOcuPfk3URPfDzmZU1LKmuw8kT+0nIHvKrKgFrwifol/doWcdA4ZqsWQ8ENrFKkd67Mfpo/LovbIUsbt3w=="
    "resolved" "https://registry.npmjs.org/merge-stream/-/merge-stream-2.0.0.tgz"
    "version" "2.0.0"
  
  "merge2@^1.3.0", "merge2@^1.4.1":
    "integrity" "sha512-8q7VEgMJW4J8tcfVPy8g09NcQwZdbwFEqhe/WZkoIzjn/3TGDwtOCYtXGxA3O8tPzpczCCDgv+P2P5y00ZJOOg=="
    "resolved" "https://registry.npmjs.org/merge2/-/merge2-1.4.1.tgz"
    "version" "1.4.1"
  
  "micromatch@^4.0.4":
    "integrity" "sha512-DMy+ERcEW2q8Z2Po+WNXuw3c5YaUSFjAO5GsJqfEl7UjvtIuFKO6ZrKvcItdy98dwFI2N1tg3zNIdKaQT+aNdA=="
    "resolved" "https://registry.npmjs.org/micromatch/-/micromatch-4.0.5.tgz"
    "version" "4.0.5"
    dependencies:
      "braces" "^3.0.2"
      "picomatch" "^2.3.1"
  
  "mimic-fn@^2.1.0":
    "integrity" "sha512-OqbOk5oEQeAZ8WXWydlu9HJjz9WVdEIvamMCcXmuqUYjTknH/sqsWvhQ3vgwKFRR1HpjvNBKQ37nbJgYzGqGcg=="
    "resolved" "https://registry.npmjs.org/mimic-fn/-/mimic-fn-2.1.0.tgz"
    "version" "2.1.0"
  
  "minimatch@^3.0.4":
    "integrity" "sha512-yJHVQEhyqPLUTgt9B83PXu6W3rx4MvvHvSUvToogpwoGDOUQ+yDrR0HRot+yOCdCO7u4hX3pWft6kWBBcqh0UA=="
    "resolved" "https://registry.npmjs.org/minimatch/-/minimatch-3.0.4.tgz"
    "version" "3.0.4"
    dependencies:
      "brace-expansion" "^1.1.7"
  
  "ms@2.1.2":
    "integrity" "sha512-sGkPx+VjMtmA6MX27oA4FBFELFCZZ4S4XqeGOXCv68tT+jb3vk/RyaKWP0PTKyWtmLSM0b+adUTEvbs1PEaH2w=="
    "resolved" "https://registry.npmjs.org/ms/-/ms-2.1.2.tgz"
    "version" "2.1.2"
  
  "nanoid@^3.3.1":
    "integrity" "sha512-CuHBogktKwpm5g2sRgv83jEy2ijFzBwMoYA60orPDR7ynsLijJDqgsi4RDGj3OJpy3Ieb+LYwiRmIOGyytgITA=="
    "resolved" "https://registry.npmjs.org/nanoid/-/nanoid-3.3.2.tgz"
    "version" "3.3.2"
  
  "neo-async@^2.6.2":
    "integrity" "sha512-Yd3UES5mWCSqR+qNT93S3UoYUkqAZ9lLg8a7g9rimsWmYGK8cVToA4/sF3RrshdyV3sAGMXVUmpMYOw+dLpOuw=="
    "resolved" "https://registry.npmjs.org/neo-async/-/neo-async-2.6.2.tgz"
    "version" "2.6.2"
  
  "node-releases@^2.0.2":
    "integrity" "sha512-XxYDdcQ6eKqp/YjI+tb2C5WM2LgjnZrfYg4vgQt49EK268b6gYCHsBLrK2qvJo4FmCtqmKezb0WZFK4fkrZNsg=="
    "resolved" "https://registry.npmjs.org/node-releases/-/node-releases-2.0.2.tgz"
    "version" "2.0.2"
  
  "normalize-path@^3.0.0", "normalize-path@~3.0.0":
    "integrity" "sha512-6eZs5Ls3WtCisHWp9S2GUy8dqkpGi4BVSz3GaqiE6ezub0512ESztXUwUB6C6IKbQkY2Pnb/mD4WYojCRwcwLA=="
    "resolved" "https://registry.npmjs.org/normalize-path/-/normalize-path-3.0.0.tgz"
    "version" "3.0.0"
  
  "normalize-range@^0.1.2":
    "integrity" "sha1-LRDAa9/TEuqXd2laTShDlFa3WUI="
    "resolved" "https://registry.npmjs.org/normalize-range/-/normalize-range-0.1.2.tgz"
    "version" "0.1.2"
  
  "normalize-url@^1.0.0":
    "integrity" "sha1-LMDWazHqIwNkWENuNiDYWVTGbDw="
    "resolved" "https://registry.npmjs.org/normalize-url/-/normalize-url-1.9.1.tgz"
    "version" "1.9.1"
    dependencies:
      "object-assign" "^4.0.1"
      "prepend-http" "^1.0.0"
      "query-string" "^4.1.0"
      "sort-keys" "^1.0.0"
  
  "npm-run-path@^4.0.1":
    "integrity" "sha512-S48WzZW777zhNIrn7gxOlISNAqi9ZC/uQFnRdbeIHhZhCA6UqpkOT8T1G7BvfdgP4Er8gF4sUbaS0i7QvIfCWw=="
    "resolved" "https://registry.npmjs.org/npm-run-path/-/npm-run-path-4.0.1.tgz"
    "version" "4.0.1"
    dependencies:
      "path-key" "^3.0.0"
  
  "nprogress@^0.2.0":
    "integrity" "sha1-y480xTIT2JVyP8urkH6UIq28r7E="
    "resolved" "https://registry.npmjs.org/nprogress/-/nprogress-0.2.0.tgz"
    "version" "0.2.0"
  
  "object-assign@^4.0.1", "object-assign@^4.1.0":
    "integrity" "sha1-IQmtx5ZYh8/AXLvUQsrIv7s2CGM="
    "resolved" "https://registry.npmjs.org/object-assign/-/object-assign-4.1.1.tgz"
    "version" "4.1.1"
  
  "once@^1.3.0":
    "integrity" "sha1-WDsap3WWHUsROsF9nFC6753Xa9E="
    "resolved" "https://registry.npmjs.org/once/-/once-1.4.0.tgz"
    "version" "1.4.0"
    dependencies:
      "wrappy" "1"
  
  "onetime@^5.1.0", "onetime@^5.1.2":
    "integrity" "sha512-kbpaSSGJTWdAY5KPVeMOKXSrPtr8C8C7wodJbcsd51jRnmD+GZu8Y0VoU6Dm5Z4vWr0Ig/1NKuWRKf7j5aaYSg=="
    "resolved" "https://registry.npmjs.org/onetime/-/onetime-5.1.2.tgz"
    "version" "5.1.2"
    dependencies:
      "mimic-fn" "^2.1.0"
  
  "ora@^5.4.1":
    "integrity" "sha512-5b6Y85tPxZZ7QytO+BQzysW31HJku27cRIlkbAXaNx+BdcVi+LlRFmVXzeF6a7JCwJpyw5c4b+YSVImQIrBpuQ=="
    "resolved" "https://registry.npmjs.org/ora/-/ora-5.4.1.tgz"
    "version" "5.4.1"
    dependencies:
      "bl" "^4.1.0"
      "chalk" "^4.1.0"
      "cli-cursor" "^3.1.0"
      "cli-spinners" "^2.5.0"
      "is-interactive" "^1.0.0"
      "is-unicode-supported" "^0.1.0"
      "log-symbols" "^4.1.0"
      "strip-ansi" "^6.0.0"
      "wcwidth" "^1.0.1"
  
  "p-limit@^2.2.0":
    "integrity" "sha512-//88mFWSJx8lxCzwdAABTJL2MyWB12+eIY7MDL2SqLmAkeKU9qxRvWuSyTjm3FUmpBEMuFfckAIqEaVGUDxb6w=="
    "resolved" "https://registry.npmjs.org/p-limit/-/p-limit-2.3.0.tgz"
    "version" "2.3.0"
    dependencies:
      "p-try" "^2.0.0"
  
  "p-locate@^4.1.0":
    "integrity" "sha512-R79ZZ/0wAxKGu3oYMlz8jy/kbhsNrS7SKZ7PxEHBgJ5+F2mtFW2fK2cOtBh1cHYkQsbzFV7I+EoRKe6Yt0oK7A=="
    "resolved" "https://registry.npmjs.org/p-locate/-/p-locate-4.1.0.tgz"
    "version" "4.1.0"
    dependencies:
      "p-limit" "^2.2.0"
  
  "p-try@^2.0.0":
    "integrity" "sha512-R4nPAVTAU0B9D35/Gk3uJf/7XYbQcyohSKdvAxIRSNghFl4e71hVoGnBNQz9cWaXxO2I10KTC+3jMdvvoKw6dQ=="
    "resolved" "https://registry.npmjs.org/p-try/-/p-try-2.2.0.tgz"
    "version" "2.2.0"
  
  "path-exists@^4.0.0":
    "integrity" "sha512-ak9Qy5Q7jYb2Wwcey5Fpvg2KoAc/ZIhLSLOSBmRmygPsGwkVVt0fZa0qrtMz+m6tJTAHfZQ8FnmB4MG4LWy7/w=="
    "resolved" "https://registry.npmjs.org/path-exists/-/path-exists-4.0.0.tgz"
    "version" "4.0.0"
  
  "path-is-absolute@^1.0.0":
    "integrity" "sha1-F0uSaHNVNP+8es5r9TpanhtcX18="
    "resolved" "https://registry.npmjs.org/path-is-absolute/-/path-is-absolute-1.0.1.tgz"
    "version" "1.0.1"
  
  "path-key@^3.0.0", "path-key@^3.1.0":
    "integrity" "sha512-ojmeN0qd+y0jszEtoY48r0Peq5dwMEkIlCOu6Q5f41lfkswXuKtYrhgoTpLnyIcHm24Uhqx+5Tqm2InSwLhE6Q=="
    "resolved" "https://registry.npmjs.org/path-key/-/path-key-3.1.1.tgz"
    "version" "3.1.1"
  
  "path-parse@^1.0.7":
    "integrity" "sha512-LDJzPVEEEPR+y48z93A0Ed0yXb8pAByGWo/k5YYdYgpY2/2EsOsksJrq7lOHxryrVOn1ejG6oAp8ahvOIQD8sw=="
    "resolved" "https://registry.npmjs.org/path-parse/-/path-parse-1.0.7.tgz"
    "version" "1.0.7"
  
  "path-type@^4.0.0":
    "integrity" "sha512-gDKb8aZMDeD/tZWs9P6+q0J9Mwkdl6xMV8TjnGP3qJVJ06bdMgkbBlLU8IdfOsIsFz2BW1rNVT3XuNEl8zPAvw=="
    "resolved" "https://registry.npmjs.org/path-type/-/path-type-4.0.0.tgz"
    "version" "4.0.0"
  
  "picocolors@^1.0.0":
    "integrity" "sha512-1fygroTLlHu66zi26VoTDv8yRgm0Fccecssto+MhsZ0D/DGW2sm8E8AjW7NU5VVTRt5GxbeZ5qBuJr+HyLYkjQ=="
    "resolved" "https://registry.npmjs.org/picocolors/-/picocolors-1.0.0.tgz"
    "version" "1.0.0"
  
  "picomatch@^2.0.4", "picomatch@^2.2.1":
    "integrity" "sha512-q0M/9eZHzmr0AulXyPwNfZjtwZ/RBZlbN3K3CErVrk50T2ASYI7Bye0EvekFY3IP1Nt2DHu0re+V2ZHIpMkuWg=="
    "resolved" "https://registry.npmjs.org/picomatch/-/picomatch-2.2.2.tgz"
    "version" "2.2.2"
  
  "picomatch@^2.3.1":
    "integrity" "sha512-JU3teHTNjmE2VCGFzuY8EXzCDVwEqB2a8fsIvwaStHhAWJEeVd1o1QD80CU6+ZdEXXSLbSsuLwJjkCBWqRQUVA=="
    "resolved" "https://registry.npmjs.org/picomatch/-/picomatch-2.3.1.tgz"
    "version" "2.3.1"
  
  "pify@^2.0.0":
    "integrity" "sha1-7RQaasBDqEnqWISY59yosVMw6Qw="
    "resolved" "https://registry.npmjs.org/pify/-/pify-2.3.0.tgz"
    "version" "2.3.0"
  
  "pinkie-promise@^2.0.0":
    "integrity" "sha1-ITXW36ejWMBprJsXh3YogihFD/o="
    "resolved" "https://registry.npmjs.org/pinkie-promise/-/pinkie-promise-2.0.1.tgz"
    "version" "2.0.1"
    dependencies:
      "pinkie" "^2.0.0"
  
  "pinkie@^2.0.0":
    "integrity" "sha1-clVrgM+g1IqXToDnckjoDtT3+HA="
    "resolved" "https://registry.npmjs.org/pinkie/-/pinkie-2.0.4.tgz"
    "version" "2.0.4"
  
  "pkg-dir@^4.1.0":
    "integrity" "sha512-HRDzbaKjC+AOWVXxAU/x54COGeIv9eb+6CkDSQoNTt4XyWoIJvuPsXizxu/Fr23EiekbtZwmh1IcIG/l/a10GQ=="
    "resolved" "https://registry.npmjs.org/pkg-dir/-/pkg-dir-4.2.0.tgz"
    "version" "4.2.0"
    dependencies:
      "find-up" "^4.0.0"
  
  "postcss-csso@^6.0.0":
    "integrity" "sha512-LsrU+LVR0mNIYauoTEbYVC81i+yXcGWa9kqW6Lvm+gYUZTaNTJmJT6Dbv+fqT8gOnwXAH1RV+5RXvAVoRtwO+g=="
    "resolved" "https://registry.npmjs.org/postcss-csso/-/postcss-csso-6.0.0.tgz"
    "version" "6.0.0"
    dependencies:
      "csso" "^5.0.1"
  
  "postcss-value-parser@^4.2.0":
    "integrity" "sha512-1NNCs6uurfkVbeXG4S8JFT9t19m45ICnif8zWLd5oPSZ50QnwMfK+H3jv408d4jw/7Bttv5axS5IiHoLaVNHeQ=="
    "resolved" "https://registry.npmjs.org/postcss-value-parser/-/postcss-value-parser-4.2.0.tgz"
    "version" "4.2.0"
  
  "postcss@^8.0.0", "postcss@^8.1.0", "postcss@^8.1.10", "postcss@^8.4.5", "postcss@^8.4.6":
    "integrity" "sha512-lg6eITwYe9v6Hr5CncVbK70SoioNQIq81nsaG86ev5hAidQvmOeETBqs7jm43K2F5/Ley3ytDtriImV6TpNiSg=="
    "resolved" "https://registry.npmjs.org/postcss/-/postcss-8.4.12.tgz"
    "version" "8.4.12"
    dependencies:
      "nanoid" "^3.3.1"
      "picocolors" "^1.0.0"
      "source-map-js" "^1.0.2"
  
  "prepend-http@^1.0.0":
    "integrity" "sha1-1PRWKwzjaW5BrFLQ4ALlemNdxtw="
    "resolved" "https://registry.npmjs.org/prepend-http/-/prepend-http-1.0.4.tgz"
    "version" "1.0.4"
  
  "prismjs@^1.26.0":
    "integrity" "sha512-t13BGPUlFDR7wRB5kQDG4jjl7XeuH6jbJGt11JHPL96qwsEHNX2+68tFXqc1/k+/jALsbSWJKUOT/hcYAZ5LkA=="
    "resolved" "https://registry.npmjs.org/prismjs/-/prismjs-1.27.0.tgz"
    "version" "1.27.0"
  
  "query-string@^4.1.0":
    "integrity" "sha1-u7aTucqRXCMlFbIosaArYJBD2+s="
    "resolved" "https://registry.npmjs.org/query-string/-/query-string-4.3.4.tgz"
    "version" "4.3.4"
    dependencies:
      "object-assign" "^4.1.0"
      "strict-uri-encode" "^1.0.0"
  
  "queue-microtask@^1.2.2":
    "integrity" "sha512-NuaNSa6flKT5JaSYQzJok04JzTL1CA6aGhv5rfLW3PgqA+M2ChpZQnAC8h8i4ZFkBS8X5RqkDBHA7r4hej3K9A=="
    "resolved" "https://registry.npmjs.org/queue-microtask/-/queue-microtask-1.2.3.tgz"
    "version" "1.2.3"
  
  "readable-stream@^3.4.0":
    "integrity" "sha512-BViHy7LKeTz4oNnkcLJ+lVSL6vpiFeX6/d3oSH8zCW7UxP2onchk+vTGB143xuFjHS3deTgkKoXXymXqymiIdA=="
    "resolved" "https://registry.npmjs.org/readable-stream/-/readable-stream-3.6.0.tgz"
    "version" "3.6.0"
    dependencies:
      "inherits" "^2.0.3"
      "string_decoder" "^1.1.1"
      "util-deprecate" "^1.0.1"
  
  "readdirp@~3.6.0":
    "integrity" "sha512-hOS089on8RduqdbhvQ5Z37A0ESjsqz6qnRcffsMU3495FuTdqSm+7bhJ29JvIOsBDEEnan5DPu9t3To9VRlMzA=="
    "resolved" "https://registry.npmjs.org/readdirp/-/readdirp-3.6.0.tgz"
    "version" "3.6.0"
    dependencies:
      "picomatch" "^2.2.1"
  
  "resolve@^1.22.0":
    "integrity" "sha512-Hhtrw0nLeSrFQ7phPp4OOcVjLPIeMnRlr5mcnVuMe7M/7eBn98A3hmFRLoFo3DLZkivSYwhRUJTyPyWAk56WLw=="
    "resolved" "https://registry.npmjs.org/resolve/-/resolve-1.22.0.tgz"
    "version" "1.22.0"
    dependencies:
      "is-core-module" "^2.8.1"
      "path-parse" "^1.0.7"
      "supports-preserve-symlinks-flag" "^1.0.0"
  
  "restore-cursor@^3.1.0":
    "integrity" "sha512-l+sSefzHpj5qimhFSE5a8nufZYAM3sBSVMAPtYkmC+4EH2anSGaEMXSD0izRQbu9nfyQ9y5JrVmp7E8oZrUjvA=="
    "resolved" "https://registry.npmjs.org/restore-cursor/-/restore-cursor-3.1.0.tgz"
    "version" "3.1.0"
    dependencies:
      "onetime" "^5.1.0"
      "signal-exit" "^3.0.2"
  
  "reusify@^1.0.4":
    "integrity" "sha512-U9nH88a3fc/ekCF1l0/UP1IosiuIjyTh7hBvXVMHYgVcfGvt897Xguj2UOLDeI5BG2m7/uwyaLVT6fbtCwTyzw=="
    "resolved" "https://registry.npmjs.org/reusify/-/reusify-1.0.4.tgz"
    "version" "1.0.4"
  
  "rollup@^2.59.0", "rollup@^2.66.0":
    "integrity" "sha512-CRYsI5EuzLbXdxC6RnYhOuRdtz4bhejPMSWjsFLfVM/7w/85n2szZv6yExqUXsBdz5KT8eoubeyDUDjhLHEslA=="
    "resolved" "https://registry.npmjs.org/rollup/-/rollup-2.70.1.tgz"
    "version" "2.70.1"
    optionalDependencies:
      "fsevents" "~2.3.2"
  
  "run-parallel@^1.1.9":
    "integrity" "sha512-5l4VyZR86LZ/lDxZTR6jqL8AFE2S0IFLMP26AbjsLVADxHdhB/c0GUsH+y39UfCi3dzz8OlQuPmnaJOMoDHQBA=="
    "resolved" "https://registry.npmjs.org/run-parallel/-/run-parallel-1.2.0.tgz"
    "version" "1.2.0"
    dependencies:
      "queue-microtask" "^1.2.2"
  
  "safe-buffer@~5.2.0":
    "integrity" "sha512-rp3So07KcdmmKbGvgaNxQSJr7bGVSVk5S9Eq1F+ppbRo70+YeaDxkw5Dd8NPN+GD6bjnYm2VuPuCXmpuYvmCXQ=="
    "resolved" "https://registry.npmjs.org/safe-buffer/-/safe-buffer-5.2.1.tgz"
    "version" "5.2.1"
  
  "sass-loader@^12.4.0":
    "integrity" "sha512-oLTaH0YCtX4cfnJZxKSLAyglED0naiYfNG1iXfU5w1LNZ+ukoA5DtyDIN5zmKVZwYNJP4KRc5Y3hkWga+7tYfA=="
    "resolved" "https://registry.npmjs.org/sass-loader/-/sass-loader-12.6.0.tgz"
    "version" "12.6.0"
    dependencies:
      "klona" "^2.0.4"
      "neo-async" "^2.6.2"
  
  "sass@*", "sass@^1.3.0", "sass@^1.49.0":
    "integrity" "sha512-YlYWkkHP9fbwaFRZQRXgDi3mXZShslVmmo+FVK3kHLUELHHEYrCmL1x6IUjC7wLS6VuJSAFXRQS/DxdsC4xL1A=="
    "resolved" "https://registry.npmjs.org/sass/-/sass-1.49.9.tgz"
    "version" "1.49.9"
    dependencies:
      "chokidar" ">=3.0.0 <4.0.0"
      "immutable" "^4.0.0"
      "source-map-js" ">=0.6.2 <2.0.0"
  
  "section-matter@^1.0.0":
    "integrity" "sha512-vfD3pmTzGpufjScBh50YHKzEu2lxBWhVEHsNGoEXmCmn2hKGfeNLYMzCJpe8cD7gqX7TJluOVpBkAequ6dgMmA=="
    "resolved" "https://registry.npmjs.org/section-matter/-/section-matter-1.0.0.tgz"
    "version" "1.0.0"
    dependencies:
      "extend-shallow" "^2.0.1"
      "kind-of" "^6.0.0"
  
  "semver@^6.0.0":
    "integrity" "sha512-b39TBaTSfV6yBrapU89p5fKekE2m/NwnDocOVruQFS1/veMgdzuPcnOM34M6CwxW8jH/lxEa5rBoDeUwu5HHTw=="
    "resolved" "https://registry.npmjs.org/semver/-/semver-6.3.0.tgz"
    "version" "6.3.0"
  
  "shebang-command@^2.0.0":
    "integrity" "sha512-kHxr2zZpYtdmrN1qDjrrX/Z1rR1kG8Dx+gkpK1G4eXmvXswmcE1hTWBWYUzlraYw1/yZp6YuDY77YtvbN0dmDA=="
    "resolved" "https://registry.npmjs.org/shebang-command/-/shebang-command-2.0.0.tgz"
    "version" "2.0.0"
    dependencies:
      "shebang-regex" "^3.0.0"
  
  "shebang-regex@^3.0.0":
    "integrity" "sha512-7++dFhtcx3353uBaq8DDR4NuxBetBzC7ZQOhmTQInHEd6bSrXdiEyzCvG07Z44UYdLShWUyXt5M/yhz8ekcb1A=="
    "resolved" "https://registry.npmjs.org/shebang-regex/-/shebang-regex-3.0.0.tgz"
    "version" "3.0.0"
  
  "signal-exit@^3.0.2":
    "integrity" "sha512-VUJ49FC8U1OxwZLxIbTTrDvLnf/6TDgxZcK8wxR8zs13xpx7xbG60ndBlhNrFi2EMuFRoeDoJO7wthSLq42EjA=="
    "resolved" "https://registry.npmjs.org/signal-exit/-/signal-exit-3.0.3.tgz"
    "version" "3.0.3"
  
  "signal-exit@^3.0.3":
    "integrity" "sha512-wnD2ZE+l+SPC/uoS0vXeE9L1+0wuaMqKlfz9AMUo38JsyLSBWSFcHR1Rri62LZc12vLr1gb3jl7iwQhgwpAbGQ=="
    "resolved" "https://registry.npmjs.org/signal-exit/-/signal-exit-3.0.7.tgz"
    "version" "3.0.7"
  
  "slash@^3.0.0":
    "integrity" "sha512-g9Q1haeby36OSStwb4ntCGGGaKsaVSjQ68fBxoQcutl5fS1vuY18H3wSt3jFyFtrkx+Kz0V1G85A4MyAdDMi2Q=="
    "resolved" "https://registry.npmjs.org/slash/-/slash-3.0.0.tgz"
    "version" "3.0.0"
  
  "sort-keys@^1.0.0":
    "integrity" "sha1-RBttTTRnmPG05J6JIK37oOVD+a0="
    "resolved" "https://registry.npmjs.org/sort-keys/-/sort-keys-1.1.2.tgz"
    "version" "1.1.2"
    dependencies:
      "is-plain-obj" "^1.0.0"
  
  "source-map-js@^1.0.1", "source-map-js@^1.0.2", "source-map-js@>=0.6.2 <2.0.0":
    "integrity" "sha512-R0XvVJ9WusLiqTCEiGCmICCMplcCkIwwR11mOSD9CR5u+IXYdiseeEuXCVAjS54zqwkLcPNnmU4OeJ6tUrWhDw=="
    "resolved" "https://registry.npmjs.org/source-map-js/-/source-map-js-1.0.2.tgz"
    "version" "1.0.2"
  
  "source-map@^0.6.1":
    "integrity" "sha512-UjgapumWlbMhkBgzT7Ykc5YXUT46F0iKu8SGXq0bcwP5dz/h0Plj6enJqjz1Zbq2l5WaqYnrVbwWOWMyF3F47g=="
    "resolved" "https://registry.npmjs.org/source-map/-/source-map-0.6.1.tgz"
    "version" "0.6.1"
  
  "sourcemap-codec@^1.4.8":
    "integrity" "sha512-9NykojV5Uih4lgo5So5dtw+f0JgJX30KCNI8gwhz2J9A15wD0Ml6tjHKwf6fTSa6fAdVBdZeNOs9eJ71qCk8vA=="
    "resolved" "https://registry.npmjs.org/sourcemap-codec/-/sourcemap-codec-1.4.8.tgz"
    "version" "1.4.8"
  
  "sprintf-js@~1.0.2":
    "integrity" "sha1-BOaSb2YolTVPPdAVIDYzuFcpfiw="
    "resolved" "https://registry.npmjs.org/sprintf-js/-/sprintf-js-1.0.3.tgz"
    "version" "1.0.3"
  
  "strict-uri-encode@^1.0.0":
    "integrity" "sha1-J5siXfHVgrH1TmWt3UNS4Y+qBxM="
    "resolved" "https://registry.npmjs.org/strict-uri-encode/-/strict-uri-encode-1.1.0.tgz"
    "version" "1.1.0"
  
  "string_decoder@^1.1.1":
    "integrity" "sha512-hkRX8U1WjJFd8LsDJ2yQ/wWWxaopEsABU1XfkM8A+j0+85JAGppt16cr1Whg6KIbb4okU6Mql6BOj+uup/wKeA=="
    "resolved" "https://registry.npmjs.org/string_decoder/-/string_decoder-1.3.0.tgz"
    "version" "1.3.0"
    dependencies:
      "safe-buffer" "~5.2.0"
  
  "strip-ansi@^6.0.0":
    "integrity" "sha512-AuvKTrTfQNYNIctbR1K/YGTR1756GycPsg7b9bdV9Duqur4gv6aKqHXah67Z8ImS7WEz5QVcOtlfW2rZEugt6w=="
    "resolved" "https://registry.npmjs.org/strip-ansi/-/strip-ansi-6.0.0.tgz"
    "version" "6.0.0"
    dependencies:
      "ansi-regex" "^5.0.0"
  
  "strip-bom-string@^1.0.0":
    "integrity" "sha1-5SEekiQ2n7uB1jOi8ABE3IztrZI="
    "resolved" "https://registry.npmjs.org/strip-bom-string/-/strip-bom-string-1.0.0.tgz"
    "version" "1.0.0"
  
  "strip-final-newline@^2.0.0":
    "integrity" "sha512-BrpvfNAE3dcvq7ll3xVumzjKjZQ5tI1sEUIKr3Uoks0XUl45St3FlatVqef9prk4jRDzhW6WZg+3bk93y6pLjA=="
    "resolved" "https://registry.npmjs.org/strip-final-newline/-/strip-final-newline-2.0.0.tgz"
    "version" "2.0.0"
  
  "strip-outer@^1.0.0":
    "integrity" "sha512-k55yxKHwaXnpYGsOzg4Vl8+tDrWylxDEpknGjhTiZB8dFRU5rTo9CAzeycivxV3s+zlTKwrs6WxMxR95n26kwg=="
    "resolved" "https://registry.npmjs.org/strip-outer/-/strip-outer-1.0.1.tgz"
    "version" "1.0.1"
    dependencies:
      "escape-string-regexp" "^1.0.2"
  
  "strip-url-auth@^1.0.0":
    "integrity" "sha1-IrD6OkE4WzO+PzMVUbu4N/oM164="
    "resolved" "https://registry.npmjs.org/strip-url-auth/-/strip-url-auth-1.0.1.tgz"
    "version" "1.0.1"
  
  "supports-color@^7.1.0":
    "integrity" "sha512-qpCAvRl9stuOHveKsn7HncJRvv501qIacKzQlO/+Lwxc9+0q2wLyv4Dfvt80/DPn2pqOBsJdDiogXGR9+OvwRw=="
    "resolved" "https://registry.npmjs.org/supports-color/-/supports-color-7.2.0.tgz"
    "version" "7.2.0"
    dependencies:
      "has-flag" "^4.0.0"
  
  "supports-preserve-symlinks-flag@^1.0.0":
    "integrity" "sha512-ot0WnXS9fgdkgIcePe6RHNk1WA8+muPa6cSjeR3V8K27q9BB1rTE3R1p7Hv0z1ZyAc8s6Vvv8DIyWf681MAt0w=="
    "resolved" "https://registry.npmjs.org/supports-preserve-symlinks-flag/-/supports-preserve-symlinks-flag-1.0.0.tgz"
    "version" "1.0.0"
  
  "sweetalert2@11.x":
    "version" "11.4.29"
  
  "to-regex-range@^5.0.1":
    "integrity" "sha512-65P7iz6X5yEr1cwcgvQxbbIw7Uk3gOy5dIdtZ4rDveLqhrdJP+Li/Hx6tyK0NEb+2GCyneCMJiGqrADCSNk8sQ=="
    "resolved" "https://registry.npmjs.org/to-regex-range/-/to-regex-range-5.0.1.tgz"
    "version" "5.0.1"
    dependencies:
      "is-number" "^7.0.0"
  
  "toml@^3.0.0":
    "integrity" "sha512-y/mWCZinnvxjTKYhJ+pYxwD0mRLVvOtdS2Awbgxln6iEnt4rk0yBxeSBHkGJcPucRiG0e55mwWp+g/05rsrd6w=="
    "resolved" "https://registry.npmjs.org/toml/-/toml-3.0.0.tgz"
    "version" "3.0.0"
  
  "trim-repeated@^1.0.0":
    "integrity" "sha1-42RqLqTokTEr9+rObPsFOAvAHCE="
    "resolved" "https://registry.npmjs.org/trim-repeated/-/trim-repeated-1.0.0.tgz"
    "version" "1.0.0"
    dependencies:
      "escape-string-regexp" "^1.0.2"
  
  "ts-debounce@^4.0.0":
    "integrity" "sha512-+1iDGY6NmOGidq7i7xZGA4cm8DAa6fqdYcvO5Z6yBevH++Bdo9Qt/mN0TzHUgcCcKv1gmh9+W5dHqz8pMWbCbg=="
    "resolved" "https://registry.npmjs.org/ts-debounce/-/ts-debounce-4.0.0.tgz"
    "version" "4.0.0"
  
  "uc.micro@^1.0.1", "uc.micro@^1.0.5":
    "integrity" "sha512-8Y75pvTYkLJW2hWQHXxoqRgV7qb9B+9vFEtidML+7koHUFapnVJAZ6cKs+Qjz5Aw3aZWHMC6u0wJE3At+nSGwA=="
    "resolved" "https://registry.npmjs.org/uc.micro/-/uc.micro-1.0.6.tgz"
    "version" "1.0.6"
  
  "universalify@^0.1.0":
    "integrity" "sha512-rBJeI5CXAlmy1pV+617WB9J63U6XcazHHF2f2dbJix4XzpUF0RS3Zbj0FGIOCAva5P/d/GBOYaACQ1w+0azUkg=="
    "resolved" "https://registry.npmjs.org/universalify/-/universalify-0.1.2.tgz"
    "version" "0.1.2"
  
  "universalify@^2.0.0":
    "integrity" "sha512-hAZsKq7Yy11Zu1DE0OzWjw7nnLZmJZYTDZZyEFHZdUhV8FkH5MCfoU1XMaxXovpyW5nq5scPqq0ZDP9Zyl04oQ=="
    "resolved" "https://registry.npmjs.org/universalify/-/universalify-2.0.0.tgz"
    "version" "2.0.0"
  
  "upath@^2.0.1":
    "integrity" "sha512-1uEe95xksV1O0CYKXo8vQvN1JEbtJp7lb7C5U9HMsIp6IVwntkH/oNUzyVNQSd4S1sYk2FpSSW44FqMc8qee5w=="
    "resolved" "https://registry.npmjs.org/upath/-/upath-2.0.1.tgz"
    "version" "2.0.1"
  
  "util-deprecate@^1.0.1":
    "integrity" "sha1-RQ1Nyfpw3nMnYvvS1KKJgUGaDM8="
    "resolved" "https://registry.npmjs.org/util-deprecate/-/util-deprecate-1.0.2.tgz"
    "version" "1.0.2"
  
  "vite@^2.5.10", "vite@^2.7.13":
    "integrity" "sha512-e4H0QpludOVKkmOsRyqQ7LTcMUDF3mcgyNU4lmi0B5JUbe0ZxeBBl8VoZ8Y6Rfn9eFKYtdXNPcYK97ZwH+K2ug=="
    "resolved" "https://registry.npmjs.org/vite/-/vite-2.8.6.tgz"
    "version" "2.8.6"
    dependencies:
      "esbuild" "^0.14.14"
      "postcss" "^8.4.6"
      "resolve" "^1.22.0"
      "rollup" "^2.59.0"
    optionalDependencies:
      "fsevents" "~2.3.2"
  
  "vue-demi@*":
    "integrity" "sha512-ztPDkFt0TSUdoq1ZI6oD730vgztBkiByhUW7L1cOTebiSBqSYfSQgnhYakYigBkyAybqCTH7h44yZuDJf2xILQ=="
    "resolved" "https://registry.npmjs.org/vue-demi/-/vue-demi-0.12.4.tgz"
    "version" "0.12.4"
  
  "vue-router@^4.0.12":
    "integrity" "sha512-wAO6zF9zxA3u+7AkMPqw9LjoUCjSxfFvINQj3E/DceTt6uEz1XZLraDhdg2EYmvVwTBSGlLYsUw8bDmx0754Mw=="
    "resolved" "https://registry.npmjs.org/vue-router/-/vue-router-4.0.14.tgz"
    "version" "4.0.14"
    dependencies:
      "@vue/devtools-api" "^6.0.0"
  
  "vue-sweetalert2@^5.0.5":
    "integrity" "sha512-Q7+TjQxNwGruT2jfPaSKMz18HHWs81r4umEwlrrtOf/QL5Iwl1T+tUaNkcvKB7Rf9rYftubt7NnOMjfDMnDH3A=="
    "resolved" "https://registry.npmjs.org/vue-sweetalert2/-/vue-sweetalert2-5.0.5.tgz"
    "version" "5.0.5"
    dependencies:
      "sweetalert2" "11.x"
  
  "vue@*", "vue@^2.6.0 || ^3.2.0", "vue@^3.0.0-0 || ^2.6.0", "vue@^3.2.0", "vue@^3.2.25", "vue@^3.2.28", "vue@3.2.31":
    "integrity" "sha512-odT3W2tcffTiQCy57nOT93INw1auq5lYLLYtWpPYQQYQOOdHiqFct9Xhna6GJ+pJQaF67yZABraH47oywkJgFw=="
    "resolved" "https://registry.npmjs.org/vue/-/vue-3.2.31.tgz"
    "version" "3.2.31"
    dependencies:
      "@vue/compiler-dom" "3.2.31"
      "@vue/compiler-sfc" "3.2.31"
      "@vue/runtime-dom" "3.2.31"
      "@vue/server-renderer" "3.2.31"
      "@vue/shared" "3.2.31"
  
  "vuepress-vite@2.0.0-beta.36":
    "integrity" "sha512-KbN7HDhaCLVB7/YmJDydQClUjMBybLtBpB376mi5fD16RFBzHwMGI7zopb4lu7Nmj2BnvLI9kpottv9zuOJYLQ=="
    "resolved" "https://registry.npmjs.org/vuepress-vite/-/vuepress-vite-2.0.0-beta.36.tgz"
    "version" "2.0.0-beta.36"
    dependencies:
      "@vuepress/bundler-vite" "2.0.0-beta.36"
      "@vuepress/cli" "2.0.0-beta.36"
      "@vuepress/core" "2.0.0-beta.36"
      "@vuepress/theme-default" "2.0.0-beta.36"
  
  "vuepress@^2.0.0-beta.36":
    "integrity" "sha512-EObFjxn91cMRZ+9cgDGjKaTHaCH4NChMqUIGRnPTrIlJfKa4eX4aS0GzPtHSy+L1fKgNnDyUq67fW8q3hrHVjA=="
    "resolved" "https://registry.npmjs.org/vuepress/-/vuepress-2.0.0-beta.36.tgz"
    "version" "2.0.0-beta.36"
    dependencies:
      "vuepress-vite" "2.0.0-beta.36"
  
  "wcwidth@^1.0.1":
    "integrity" "sha1-8LDc+RW8X/FSivrbLA4XtTLaL+g="
    "resolved" "https://registry.npmjs.org/wcwidth/-/wcwidth-1.0.1.tgz"
    "version" "1.0.1"
    dependencies:
      "defaults" "^1.0.3"
  
  "which@^2.0.1":
    "integrity" "sha512-BLI3Tl1TW3Pvl70l3yq3Y64i+awpwXqsGBYWkkqMtnbXgrMD+yj7rhW0kuEDxzJaYXGjEW5ogapKNMEKNMjibA=="
    "resolved" "https://registry.npmjs.org/which/-/which-2.0.2.tgz"
    "version" "2.0.2"
    dependencies:
      "isexe" "^2.0.0"
  
  "wrappy@1":
    "integrity" "sha1-tSQ9jz7BqjXxNkYFvA0QNuMKtp8="
    "resolved" "https://registry.npmjs.org/wrappy/-/wrappy-1.0.2.tgz"
    "version" "1.0.2"
